<?xml version="1.0" encoding="UTF-8" ?>
<testsuite failures="1" time="8.952" errors="0" skipped="113" tests="118" name="TestSuite">
  <properties>
[...]
</properties>
  <testcase time="4.439" classname="com.lodogame.game.dao.impl.redis.CommandDaoRedisImplTest" name="springTestContextPrepareTestInstance">
    <failure message="Failed to load ApplicationContext" type="java.lang.IllegalStateException">java.lang.IllegalStateException: Failed to load ApplicationContext
	at org.springframework.test.context.TestContext.getApplicationContext(TestContext.java:308)
	at org.springframework.test.context.support.DependencyInjectionTestExecutionListener.injectDependencies(DependencyInjectionTestExecutionListener.java:109)
	at org.springframework.test.context.support.DependencyInjectionTestExecutionListener.prepareTestInstance(DependencyInjectionTestExecutionListener.java:75)
	at org.springframework.test.context.TestContextManager.prepareTestInstance(TestContextManager.java:333)
	at org.springframework.test.context.testng.AbstractTestNGSpringContextTests.springTestContextPrepareTestInstance(AbstractTestNGSpringContextTests.java:133)
	at sun.reflect.NativeMethodAccessorImpl.invoke0(Native Method)
	at sun.reflect.NativeMethodAccessorImpl.invoke(NativeMethodAccessorImpl.java:57)
	at sun.reflect.DelegatingMethodAccessorImpl.invoke(DelegatingMethodAccessorImpl.java:43)
	at java.lang.reflect.Method.invoke(Method.java:606)
	at org.testng.internal.MethodInvocationHelper.invokeMethod(MethodInvocationHelper.java:80)
	at org.testng.internal.Invoker.invokeConfigurationMethod(Invoker.java:564)
	at org.testng.internal.Invoker.invokeConfigurations(Invoker.java:213)
	at org.testng.internal.Invoker.invokeConfigurations(Invoker.java:138)
	at org.testng.internal.TestMethodWorker.invokeBeforeClassMethods(TestMethodWorker.java:175)
	at org.testng.internal.TestMethodWorker.run(TestMethodWorker.java:107)
	at org.testng.TestRunner.privateRun(TestRunner.java:767)
	at org.testng.TestRunner.run(TestRunner.java:617)
	at org.testng.SuiteRunner.runTest(SuiteRunner.java:334)
	at org.testng.SuiteRunner.runSequentially(SuiteRunner.java:329)
	at org.testng.SuiteRunner.privateRun(SuiteRunner.java:291)
	at org.testng.SuiteRunner.run(SuiteRunner.java:240)
	at org.testng.SuiteRunnerWorker.runSuite(SuiteRunnerWorker.java:52)
	at org.testng.SuiteRunnerWorker.run(SuiteRunnerWorker.java:86)
	at org.testng.TestNG.runSuitesSequentially(TestNG.java:1198)
	at org.testng.TestNG.runSuitesLocally(TestNG.java:1123)
	at org.testng.TestNG.run(TestNG.java:1031)
	at org.apache.maven.surefire.testng.TestNGExecutor.run(TestNGExecutor.java:77)
	at org.apache.maven.surefire.testng.TestNGDirectoryTestSuite.executeMulti(TestNGDirectoryTestSuite.java:159)
	at org.apache.maven.surefire.testng.TestNGDirectoryTestSuite.execute(TestNGDirectoryTestSuite.java:99)
	at org.apache.maven.surefire.testng.TestNGProvider.invoke(TestNGProvider.java:106)
	at sun.reflect.NativeMethodAccessorImpl.invoke0(Native Method)
	at sun.reflect.NativeMethodAccessorImpl.invoke(NativeMethodAccessorImpl.java:57)
	at sun.reflect.DelegatingMethodAccessorImpl.invoke(DelegatingMethodAccessorImpl.java:43)
	at java.lang.reflect.Method.invoke(Method.java:606)
	at org.apache.maven.surefire.util.ReflectionUtils.invokeMethodWithArray(ReflectionUtils.java:189)
	at org.apache.maven.surefire.booter.ProviderFactory$ProviderProxy.invoke(ProviderFactory.java:165)
	at org.apache.maven.surefire.booter.ProviderFactory.invokeProvider(ProviderFactory.java:85)
	at org.apache.maven.surefire.booter.ForkedBooter.runSuitesInProcess(ForkedBooter.java:115)
	at org.apache.maven.surefire.booter.ForkedBooter.main(ForkedBooter.java:75)
Caused by: org.springframework.beans.factory.BeanCreationException: Error creating bean with name &apos;userDao&apos; defined in class path resource [applicationContext-dao.xml]: Cannot resolve reference to bean &apos;userDaoMysqlImpl&apos; while setting bean property &apos;userDaoMysqlImpl&apos;; nested exception is org.springframework.beans.factory.BeanCreationException: Error creating bean with name &apos;userDaoMysqlImpl&apos;: Injection of autowired dependencies failed; nested exception is org.springframework.beans.factory.BeanCreationException: Could not autowire field: private com.lodogame.common.jdbc.Jdbc com.lodogame.game.dao.impl.mysql.UserDaoMysqlImpl.jdbc; nested exception is org.springframework.beans.factory.CannotLoadBeanClassException: Cannot find class [com.lodogame.game.dao.impl.mysql.SystemEquipDaoMysqlImpl] for bean with name &apos;systemEquipDaoMysqlImpl&apos; defined in class path resource [applicationContext-mysql.xml]; nested exception is java.lang.ClassNotFoundException: com.lodogame.game.dao.impl.mysql.SystemEquipDaoMysqlImpl
	at org.springframework.beans.factory.support.BeanDefinitionValueResolver.resolveReference(BeanDefinitionValueResolver.java:328)
	at org.springframework.beans.factory.support.BeanDefinitionValueResolver.resolveValueIfNecessary(BeanDefinitionValueResolver.java:106)
	at org.springframework.beans.factory.support.AbstractAutowireCapableBeanFactory.applyPropertyValues(AbstractAutowireCapableBeanFactory.java:1327)
	at org.springframework.beans.factory.support.AbstractAutowireCapableBeanFactory.populateBean(AbstractAutowireCapableBeanFactory.java:1085)
	at org.springframework.beans.factory.support.AbstractAutowireCapableBeanFactory.doCreateBean(AbstractAutowireCapableBeanFactory.java:516)
	at org.springframework.beans.factory.support.AbstractAutowireCapableBeanFactory.createBean(AbstractAutowireCapableBeanFactory.java:455)
	at org.springframework.beans.factory.support.AbstractBeanFactory$1.getObject(AbstractBeanFactory.java:293)
	at org.springframework.beans.factory.support.DefaultSingletonBeanRegistry.getSingleton(DefaultSingletonBeanRegistry.java:222)
	at org.springframework.beans.factory.support.AbstractBeanFactory.doGetBean(AbstractBeanFactory.java:290)
	at org.springframework.beans.factory.support.AbstractBeanFactory.getBean(AbstractBeanFactory.java:192)
	at org.springframework.beans.factory.support.DefaultListableBeanFactory.preInstantiateSingletons(DefaultListableBeanFactory.java:585)
	at org.springframework.context.support.AbstractApplicationContext.finishBeanFactoryInitialization(AbstractApplicationContext.java:895)
	at org.springframework.context.support.AbstractApplicationContext.refresh(AbstractApplicationContext.java:425)
	at org.springframework.test.context.support.AbstractGenericContextLoader.loadContext(AbstractGenericContextLoader.java:84)
	at org.springframework.test.context.support.AbstractGenericContextLoader.loadContext(AbstractGenericContextLoader.java:1)
	at org.springframework.test.context.TestContext.loadApplicationContext(TestContext.java:280)
	at org.springframework.test.context.TestContext.getApplicationContext(TestContext.java:304)
	... 38 more
Caused by: org.springframework.beans.factory.BeanCreationException: Error creating bean with name &apos;userDaoMysqlImpl&apos;: Injection of autowired dependencies failed; nested exception is org.springframework.beans.factory.BeanCreationException: Could not autowire field: private com.lodogame.common.jdbc.Jdbc com.lodogame.game.dao.impl.mysql.UserDaoMysqlImpl.jdbc; nested exception is org.springframework.beans.factory.CannotLoadBeanClassException: Cannot find class [com.lodogame.game.dao.impl.mysql.SystemEquipDaoMysqlImpl] for bean with name &apos;systemEquipDaoMysqlImpl&apos; defined in class path resource [applicationContext-mysql.xml]; nested exception is java.lang.ClassNotFoundException: com.lodogame.game.dao.impl.mysql.SystemEquipDaoMysqlImpl
	at org.springframework.beans.factory.annotation.AutowiredAnnotationBeanPostProcessor.postProcessPropertyValues(AutowiredAnnotationBeanPostProcessor.java:287)
	at org.springframework.beans.factory.support.AbstractAutowireCapableBeanFactory.populateBean(AbstractAutowireCapableBeanFactory.java:1073)
	at org.springframework.beans.factory.support.AbstractAutowireCapableBeanFactory.doCreateBean(AbstractAutowireCapableBeanFactory.java:516)
	at org.springframework.beans.factory.support.AbstractAutowireCapableBeanFactory.createBean(AbstractAutowireCapableBeanFactory.java:455)
	at org.springframework.beans.factory.support.AbstractBeanFactory$1.getObject(AbstractBeanFactory.java:293)
	at org.springframework.beans.factory.support.DefaultSingletonBeanRegistry.getSingleton(DefaultSingletonBeanRegistry.java:222)
	at org.springframework.beans.factory.support.AbstractBeanFactory.doGetBean(AbstractBeanFactory.java:290)
	at org.springframework.beans.factory.support.AbstractBeanFactory.getBean(AbstractBeanFactory.java:192)
	at org.springframework.beans.factory.support.BeanDefinitionValueResolver.resolveReference(BeanDefinitionValueResolver.java:322)
	... 54 more
Caused by: org.springframework.beans.factory.BeanCreationException: Could not autowire field: private com.lodogame.common.jdbc.Jdbc com.lodogame.game.dao.impl.mysql.UserDaoMysqlImpl.jdbc; nested exception is org.springframework.beans.factory.CannotLoadBeanClassException: Cannot find class [com.lodogame.game.dao.impl.mysql.SystemEquipDaoMysqlImpl] for bean with name &apos;systemEquipDaoMysqlImpl&apos; defined in class path resource [applicationContext-mysql.xml]; nested exception is java.lang.ClassNotFoundException: com.lodogame.game.dao.impl.mysql.SystemEquipDaoMysqlImpl
	at org.springframework.beans.factory.annotation.AutowiredAnnotationBeanPostProcessor$AutowiredFieldElement.inject(AutowiredAnnotationBeanPostProcessor.java:506)
	at org.springframework.beans.factory.annotation.InjectionMetadata.inject(InjectionMetadata.java:84)
	at org.springframework.beans.factory.annotation.AutowiredAnnotationBeanPostProcessor.postProcessPropertyValues(AutowiredAnnotationBeanPostProcessor.java:284)
	... 62 more
Caused by: org.springframework.beans.factory.CannotLoadBeanClassException: Cannot find class [com.lodogame.game.dao.impl.mysql.SystemEquipDaoMysqlImpl] for bean with name &apos;systemEquipDaoMysqlImpl&apos; defined in class path resource [applicationContext-mysql.xml]; nested exception is java.lang.ClassNotFoundException: com.lodogame.game.dao.impl.mysql.SystemEquipDaoMysqlImpl
	at org.springframework.beans.factory.support.AbstractBeanFactory.resolveBeanClass(AbstractBeanFactory.java:1261)
	at org.springframework.beans.factory.support.AbstractAutowireCapableBeanFactory.predictBeanType(AbstractAutowireCapableBeanFactory.java:575)
	at org.springframework.beans.factory.support.AbstractBeanFactory.isFactoryBean(AbstractBeanFactory.java:1330)
	at org.springframework.beans.factory.support.DefaultListableBeanFactory.getBeanNamesForType(DefaultListableBeanFactory.java:317)
	at org.springframework.beans.factory.BeanFactoryUtils.beanNamesForTypeIncludingAncestors(BeanFactoryUtils.java:185)
	at org.springframework.beans.factory.support.DefaultListableBeanFactory.findAutowireCandidates(DefaultListableBeanFactory.java:833)
	at org.springframework.beans.factory.support.DefaultListableBeanFactory.doResolveDependency(DefaultListableBeanFactory.java:790)
	at org.springframework.beans.factory.support.DefaultListableBeanFactory.resolveDependency(DefaultListableBeanFactory.java:707)
	at org.springframework.beans.factory.annotation.AutowiredAnnotationBeanPostProcessor$AutowiredFieldElement.inject(AutowiredAnnotationBeanPostProcessor.java:478)
	... 64 more
Caused by: java.lang.ClassNotFoundException: com.lodogame.game.dao.impl.mysql.SystemEquipDaoMysqlImpl
	at java.net.URLClassLoader$1.run(URLClassLoader.java:366)
	at java.net.URLClassLoader$1.run(URLClassLoader.java:355)
	at java.security.AccessController.doPrivileged(Native Method)
	at java.net.URLClassLoader.findClass(URLClassLoader.java:354)
	at java.lang.ClassLoader.loadClass(ClassLoader.java:425)
	at sun.misc.Launcher$AppClassLoader.loadClass(Launcher.java:308)
	at java.lang.ClassLoader.loadClass(ClassLoader.java:358)
	at org.springframework.util.ClassUtils.forName(ClassUtils.java:257)
	at org.springframework.beans.factory.support.AbstractBeanDefinition.resolveBeanClass(AbstractBeanDefinition.java:408)
	at org.springframework.beans.factory.support.AbstractBeanFactory.doResolveBeanClass(AbstractBeanFactory.java:1282)
	at org.springframework.beans.factory.support.AbstractBeanFactory.resolveBeanClass(AbstractBeanFactory.java:1253)
	... 72 more
Caused by: org.springframework.beans.factory.BeanCreationException: Error creating bean with name &apos;userDao&apos; defined in class path resource [applicationContext-dao.xml]: Cannot resolve reference to bean &apos;userDaoMysqlImpl&apos; while setting bean property &apos;userDaoMysqlImpl&apos;; nested exception is org.springframework.beans.factory.BeanCreationException: Error creating bean with name &apos;userDaoMysqlImpl&apos;: Injection of autowired dependencies failed; nested exception is org.springframework.beans.factory.BeanCreationException: Could not autowire field: private com.lodogame.common.jdbc.Jdbc com.lodogame.game.dao.impl.mysql.UserDaoMysqlImpl.jdbc; nested exception is org.springframework.beans.factory.CannotLoadBeanClassException: Cannot find class [com.lodogame.game.dao.impl.mysql.SystemEquipDaoMysqlImpl] for bean with name &apos;systemEquipDaoMysqlImpl&apos; defined in class path resource [applicationContext-mysql.xml]; nested exception is java.lang.ClassNotFoundException: com.lodogame.game.dao.impl.mysql.SystemEquipDaoMysqlImpl
	at org.springframework.beans.factory.support.BeanDefinitionValueResolver.resolveReference(BeanDefinitionValueResolver.java:328)
	at org.springframework.beans.factory.support.BeanDefinitionValueResolver.resolveValueIfNecessary(BeanDefinitionValueResolver.java:106)
	at org.springframework.beans.factory.support.AbstractAutowireCapableBeanFactory.applyPropertyValues(AbstractAutowireCapableBeanFactory.java:1327)
	at org.springframework.beans.factory.support.AbstractAutowireCapableBeanFactory.populateBean(AbstractAutowireCapableBeanFactory.java:1085)
	at org.springframework.beans.factory.support.AbstractAutowireCapableBeanFactory.doCreateBean(AbstractAutowireCapableBeanFactory.java:516)
	at org.springframework.beans.factory.support.AbstractAutowireCapableBeanFactory.createBean(AbstractAutowireCapableBeanFactory.java:455)
	at org.springframework.beans.factory.support.AbstractBeanFactory$1.getObject(AbstractBeanFactory.java:293)
	at org.springframework.beans.factory.support.DefaultSingletonBeanRegistry.getSingleton(DefaultSingletonBeanRegistry.java:222)
	at org.springframework.beans.factory.support.AbstractBeanFactory.doGetBean(AbstractBeanFactory.java:290)
	at org.springframework.beans.factory.support.AbstractBeanFactory.getBean(AbstractBeanFactory.java:192)
	at org.springframework.beans.factory.support.DefaultListableBeanFactory.preInstantiateSingletons(DefaultListableBeanFactory.java:585)
	at org.springframework.context.support.AbstractApplicationContext.finishBeanFactoryInitialization(AbstractApplicationContext.java:895)
	at org.springframework.context.support.AbstractApplicationContext.refresh(AbstractApplicationContext.java:425)
	at org.springframework.test.context.support.AbstractGenericContextLoader.loadContext(AbstractGenericContextLoader.java:84)
	at org.springframework.test.context.support.AbstractGenericContextLoader.loadContext(AbstractGenericContextLoader.java:1)
	at org.springframework.test.context.TestContext.loadApplicationContext(TestContext.java:280)
	at org.springframework.test.context.TestContext.getApplicationContext(TestContext.java:304)
	... 38 more
Caused by: org.springframework.beans.factory.BeanCreationException: Error creating bean with name &apos;userDaoMysqlImpl&apos;: Injection of autowired dependencies failed; nested exception is org.springframework.beans.factory.BeanCreationException: Could not autowire field: private com.lodogame.common.jdbc.Jdbc com.lodogame.game.dao.impl.mysql.UserDaoMysqlImpl.jdbc; nested exception is org.springframework.beans.factory.CannotLoadBeanClassException: Cannot find class [com.lodogame.game.dao.impl.mysql.SystemEquipDaoMysqlImpl] for bean with name &apos;systemEquipDaoMysqlImpl&apos; defined in class path resource [applicationContext-mysql.xml]; nested exception is java.lang.ClassNotFoundException: com.lodogame.game.dao.impl.mysql.SystemEquipDaoMysqlImpl
	at org.springframework.beans.factory.annotation.AutowiredAnnotationBeanPostProcessor.postProcessPropertyValues(AutowiredAnnotationBeanPostProcessor.java:287)
	at org.springframework.beans.factory.support.AbstractAutowireCapableBeanFactory.populateBean(AbstractAutowireCapableBeanFactory.java:1073)
	at org.springframework.beans.factory.support.AbstractAutowireCapableBeanFactory.doCreateBean(AbstractAutowireCapableBeanFactory.java:516)
	at org.springframework.beans.factory.support.AbstractAutowireCapableBeanFactory.createBean(AbstractAutowireCapableBeanFactory.java:455)
	at org.springframework.beans.factory.support.AbstractBeanFactory$1.getObject(AbstractBeanFactory.java:293)
	at org.springframework.beans.factory.support.DefaultSingletonBeanRegistry.getSingleton(DefaultSingletonBeanRegistry.java:222)
	at org.springframework.beans.factory.support.AbstractBeanFactory.doGetBean(AbstractBeanFactory.java:290)
	at org.springframework.beans.factory.support.AbstractBeanFactory.getBean(AbstractBeanFactory.java:192)
	at org.springframework.beans.factory.support.BeanDefinitionValueResolver.resolveReference(BeanDefinitionValueResolver.java:322)
	... 54 more
Caused by: org.springframework.beans.factory.BeanCreationException: Could not autowire field: private com.lodogame.common.jdbc.Jdbc com.lodogame.game.dao.impl.mysql.UserDaoMysqlImpl.jdbc; nested exception is org.springframework.beans.factory.CannotLoadBeanClassException: Cannot find class [com.lodogame.game.dao.impl.mysql.SystemEquipDaoMysqlImpl] for bean with name &apos;systemEquipDaoMysqlImpl&apos; defined in class path resource [applicationContext-mysql.xml]; nested exception is java.lang.ClassNotFoundException: com.lodogame.game.dao.impl.mysql.SystemEquipDaoMysqlImpl
	at org.springframework.beans.factory.annotation.AutowiredAnnotationBeanPostProcessor$AutowiredFieldElement.inject(AutowiredAnnotationBeanPostProcessor.java:506)
	at org.springframework.beans.factory.annotation.InjectionMetadata.inject(InjectionMetadata.java:84)
	at org.springframework.beans.factory.annotation.AutowiredAnnotationBeanPostProcessor.postProcessPropertyValues(AutowiredAnnotationBeanPostProcessor.java:284)
	... 62 more
Caused by: org.springframework.beans.factory.CannotLoadBeanClassException: Cannot find class [com.lodogame.game.dao.impl.mysql.SystemEquipDaoMysqlImpl] for bean with name &apos;systemEquipDaoMysqlImpl&apos; defined in class path resource [applicationContext-mysql.xml]; nested exception is java.lang.ClassNotFoundException: com.lodogame.game.dao.impl.mysql.SystemEquipDaoMysqlImpl
	at org.springframework.beans.factory.support.AbstractBeanFactory.resolveBeanClass(AbstractBeanFactory.java:1261)
	at org.springframework.beans.factory.support.AbstractAutowireCapableBeanFactory.predictBeanType(AbstractAutowireCapableBeanFactory.java:575)
	at org.springframework.beans.factory.support.AbstractBeanFactory.isFactoryBean(AbstractBeanFactory.java:1330)
	at org.springframework.beans.factory.support.DefaultListableBeanFactory.getBeanNamesForType(DefaultListableBeanFactory.java:317)
	at org.springframework.beans.factory.BeanFactoryUtils.beanNamesForTypeIncludingAncestors(BeanFactoryUtils.java:185)
	at org.springframework.beans.factory.support.DefaultListableBeanFactory.findAutowireCandidates(DefaultListableBeanFactory.java:833)
	at org.springframework.beans.factory.support.DefaultListableBeanFactory.doResolveDependency(DefaultListableBeanFactory.java:790)
	at org.springframework.beans.factory.support.DefaultListableBeanFactory.resolveDependency(DefaultListableBeanFactory.java:707)
	at org.springframework.beans.factory.annotation.AutowiredAnnotationBeanPostProcessor$AutowiredFieldElement.inject(AutowiredAnnotationBeanPostProcessor.java:478)
	... 64 more
Caused by: java.lang.ClassNotFoundException: com.lodogame.game.dao.impl.mysql.SystemEquipDaoMysqlImpl
	at java.net.URLClassLoader$1.run(URLClassLoader.java:366)
	at java.net.URLClassLoader$1.run(URLClassLoader.java:355)
	at java.security.AccessController.doPrivileged(Native Method)
	at java.net.URLClassLoader.findClass(URLClassLoader.java:354)
	at java.lang.ClassLoader.loadClass(ClassLoader.java:425)
	at sun.misc.Launcher$AppClassLoader.loadClass(Launcher.java:308)
	at java.lang.ClassLoader.loadClass(ClassLoader.java:358)
	at org.springframework.util.ClassUtils.forName(ClassUtils.java:257)
	at org.springframework.beans.factory.support.AbstractBeanDefinition.resolveBeanClass(AbstractBeanDefinition.java:408)
	at org.springframework.beans.factory.support.AbstractBeanFactory.doResolveBeanClass(AbstractBeanFactory.java:1282)
	at org.springframework.beans.factory.support.AbstractBeanFactory.resolveBeanClass(AbstractBeanFactory.java:1253)
	... 72 more
</failure>
    <system-out>Configuring TestNG with: org.apache.maven.surefire.testng.conf.TestNG652Configurator@4fdbc144
2015-05-15 10:11:18,600 DEBUG [org.springframework.test.context.support.DependencyInjectionTestExecutionListener] - Performing dependency injection for test context [[TestContext@7b737117 testClass = CommandDaoRedisImplTest, locations = array&lt;String&gt;[&apos;classpath:applicationContext-test.xml&apos;], testInstance = com.lodogame.game.dao.impl.redis.CommandDaoRedisImplTest@43cfd989, testMethod = [null], testException = [null]]].
2015-05-15 10:11:18,601 DEBUG [org.springframework.test.context.support.AbstractGenericContextLoader] - Loading ApplicationContext for locations [classpath:applicationContext-test.xml].
2015-05-15 10:11:18,692 INFO [org.springframework.beans.factory.xml.XmlBeanDefinitionReader] - Loading XML bean definitions from class path resource [applicationContext-test.xml]
2015-05-15 10:11:18,844 DEBUG [org.springframework.beans.factory.xml.DefaultDocumentLoader] - Using JAXP provider [com.sun.org.apache.xerces.internal.jaxp.DocumentBuilderFactoryImpl]
2015-05-15 10:11:19,019 DEBUG [org.springframework.beans.factory.xml.PluggableSchemaResolver] - Loading schema mappings from [META-INF/spring.schemas]
2015-05-15 10:11:19,022 DEBUG [org.springframework.beans.factory.xml.PluggableSchemaResolver] - Loaded schema mappings: {http://www.springframework.org/schema/util/spring-util.xsd=org/springframework/beans/factory/xml/spring-util-3.0.xsd, http://www.springframework.org/schema/task/spring-task.xsd=org/springframework/scheduling/config/spring-task-3.0.xsd, http://www.springframework.org/schema/aop/spring-aop-3.0.xsd=org/springframework/aop/config/spring-aop-3.0.xsd, http://www.springframework.org/schema/aop/spring-aop-2.0.xsd=org/springframework/aop/config/spring-aop-2.0.xsd, http://www.springframework.org/schema/tool/spring-tool-2.5.xsd=org/springframework/beans/factory/xml/spring-tool-2.5.xsd, http://www.springframework.org/schema/beans/spring-beans.xsd=org/springframework/beans/factory/xml/spring-beans-3.0.xsd, http://www.springframework.org/schema/jee/spring-jee-2.5.xsd=org/springframework/ejb/config/spring-jee-2.5.xsd, http://www.springframework.org/schema/aop/spring-aop.xsd=org/springframework/aop/config/spring-aop-3.0.xsd, http://www.springframework.org/schema/beans/spring-beans-2.0.xsd=org/springframework/beans/factory/xml/spring-beans-2.0.xsd, http://www.springframework.org/schema/mvc/spring-mvc-3.0.xsd=org/springframework/web/servlet/config/spring-mvc-3.0.xsd, http://www.springframework.org/schema/beans/spring-beans-3.0.xsd=org/springframework/beans/factory/xml/spring-beans-3.0.xsd, http://www.springframework.org/schema/task/spring-task-3.0.xsd=org/springframework/scheduling/config/spring-task-3.0.xsd, http://www.springframework.org/schema/tx/spring-tx-2.5.xsd=org/springframework/transaction/config/spring-tx-2.5.xsd, http://www.springframework.org/schema/context/spring-context-2.5.xsd=org/springframework/context/config/spring-context-2.5.xsd, http://www.springframework.org/schema/jdbc/spring-jdbc-3.0.xsd=org/springframework/jdbc/config/spring-jdbc-3.0.xsd, http://www.springframework.org/schema/tool/spring-tool-3.0.xsd=org/springframework/beans/factory/xml/spring-tool-3.0.xsd, http://www.springframework.org/schema/tx/spring-tx.xsd=org/springframework/transaction/config/spring-tx-3.0.xsd, http://www.springframework.org/schema/tool/spring-tool-2.0.xsd=org/springframework/beans/factory/xml/spring-tool-2.0.xsd, http://www.springframework.org/schema/util/spring-util-2.5.xsd=org/springframework/beans/factory/xml/spring-util-2.5.xsd, http://www.springframework.org/schema/lang/spring-lang.xsd=org/springframework/scripting/config/spring-lang-3.0.xsd, http://www.springframework.org/schema/lang/spring-lang-2.5.xsd=org/springframework/scripting/config/spring-lang-2.5.xsd, http://www.springframework.org/schema/jee/spring-jee-3.0.xsd=org/springframework/ejb/config/spring-jee-3.0.xsd, http://www.springframework.org/schema/jee/spring-jee-2.0.xsd=org/springframework/ejb/config/spring-jee-2.0.xsd, http://www.springframework.org/schema/context/spring-context.xsd=org/springframework/context/config/spring-context-3.0.xsd, http://www.springframework.org/schema/jee/spring-jee.xsd=org/springframework/ejb/config/spring-jee-3.0.xsd, http://www.springframework.org/schema/aop/spring-aop-2.5.xsd=org/springframework/aop/config/spring-aop-2.5.xsd, http://www.springframework.org/schema/mvc/spring-mvc.xsd=org/springframework/web/servlet/config/spring-mvc-3.0.xsd, http://www.springframework.org/schema/jdbc/spring-jdbc.xsd=org/springframework/jdbc/config/spring-jdbc-3.0.xsd, http://www.springframework.org/schema/tx/spring-tx-2.0.xsd=org/springframework/transaction/config/spring-tx-2.0.xsd, http://www.springframework.org/schema/tx/spring-tx-3.0.xsd=org/springframework/transaction/config/spring-tx-3.0.xsd, http://www.springframework.org/schema/context/spring-context-3.0.xsd=org/springframework/context/config/spring-context-3.0.xsd, http://www.springframework.org/schema/tool/spring-tool.xsd=org/springframework/beans/factory/xml/spring-tool-3.0.xsd, http://www.springframework.org/schema/util/spring-util-3.0.xsd=org/springframework/beans/factory/xml/spring-util-3.0.xsd, http://www.springframework.org/schema/lang/spring-lang-3.0.xsd=org/springframework/scripting/config/spring-lang-3.0.xsd, http://www.springframework.org/schema/util/spring-util-2.0.xsd=org/springframework/beans/factory/xml/spring-util-2.0.xsd, http://www.springframework.org/schema/lang/spring-lang-2.0.xsd=org/springframework/scripting/config/spring-lang-2.0.xsd, http://www.springframework.org/schema/beans/spring-beans-2.5.xsd=org/springframework/beans/factory/xml/spring-beans-2.5.xsd}
2015-05-15 10:11:19,023 DEBUG [org.springframework.beans.factory.xml.PluggableSchemaResolver] - Found XML schema [http://www.springframework.org/schema/beans/spring-beans-2.5.xsd] in classpath: org/springframework/beans/factory/xml/spring-beans-2.5.xsd
2015-05-15 10:11:19,146 DEBUG [org.springframework.beans.factory.xml.DefaultBeanDefinitionDocumentReader] - Loading bean definitions
2015-05-15 10:11:19,175 INFO [org.springframework.beans.factory.xml.XmlBeanDefinitionReader] - Loading XML bean definitions from class path resource [applicationContext-jdbc.xml]
2015-05-15 10:11:19,206 DEBUG [org.springframework.beans.factory.xml.DefaultDocumentLoader] - Using JAXP provider [com.sun.org.apache.xerces.internal.jaxp.DocumentBuilderFactoryImpl]
2015-05-15 10:11:19,208 DEBUG [org.springframework.beans.factory.xml.PluggableSchemaResolver] - Found XML schema [http://www.springframework.org/schema/beans/spring-beans-3.0.xsd] in classpath: org/springframework/beans/factory/xml/spring-beans-3.0.xsd
2015-05-15 10:11:19,240 DEBUG [org.springframework.beans.factory.xml.PluggableSchemaResolver] - Found XML schema [http://www.springframework.org/schema/tx/spring-tx-3.0.xsd] in classpath: org/springframework/transaction/config/spring-tx-3.0.xsd
2015-05-15 10:11:19,253 DEBUG [org.springframework.beans.factory.xml.PluggableSchemaResolver] - Found XML schema [http://www.springframework.org/schema/tool/spring-tool-3.0.xsd] in classpath: org/springframework/beans/factory/xml/spring-tool-3.0.xsd
2015-05-15 10:11:19,271 DEBUG [org.springframework.beans.factory.xml.DefaultBeanDefinitionDocumentReader] - Loading bean definitions
2015-05-15 10:11:19,276 DEBUG [org.springframework.beans.factory.xml.DefaultNamespaceHandlerResolver] - Loaded NamespaceHandler mappings: {http://www.springframework.org/schema/p=org.springframework.beans.factory.xml.SimplePropertyNamespaceHandler, http://www.springframework.org/schema/mvc=org.springframework.web.servlet.config.MvcNamespaceHandler, http://www.springframework.org/schema/util=org.springframework.beans.factory.xml.UtilNamespaceHandler, http://www.springframework.org/schema/jee=org.springframework.ejb.config.JeeNamespaceHandler, http://www.springframework.org/schema/aop=org.springframework.aop.config.AopNamespaceHandler, http://www.springframework.org/schema/jdbc=org.springframework.jdbc.config.JdbcNamespaceHandler, http://www.springframework.org/schema/tx=org.springframework.transaction.config.TxNamespaceHandler, http://www.springframework.org/schema/task=org.springframework.scheduling.config.TaskNamespaceHandler, http://www.springframework.org/schema/lang=org.springframework.scripting.config.LangNamespaceHandler, http://www.springframework.org/schema/context=org.springframework.context.config.ContextNamespaceHandler}
2015-05-15 10:11:19,303 DEBUG [org.springframework.beans.factory.xml.DefaultBeanDefinitionDocumentReader] - Imported 8 bean definitions from relative location [applicationContext-jdbc.xml]
2015-05-15 10:11:19,304 INFO [org.springframework.beans.factory.xml.XmlBeanDefinitionReader] - Loading XML bean definitions from class path resource [applicationContext-dao.xml]
2015-05-15 10:11:19,329 DEBUG [org.springframework.beans.factory.xml.DefaultDocumentLoader] - Using JAXP provider [com.sun.org.apache.xerces.internal.jaxp.DocumentBuilderFactoryImpl]
2015-05-15 10:11:19,331 DEBUG [org.springframework.beans.factory.xml.PluggableSchemaResolver] - Found XML schema [http://www.springframework.org/schema/beans/spring-beans-3.0.xsd] in classpath: org/springframework/beans/factory/xml/spring-beans-3.0.xsd
2015-05-15 10:11:19,373 DEBUG [org.springframework.beans.factory.xml.DefaultBeanDefinitionDocumentReader] - Loading bean definitions
2015-05-15 10:11:19,409 DEBUG [org.springframework.beans.factory.xml.DefaultBeanDefinitionDocumentReader] - Imported 78 bean definitions from relative location [applicationContext-dao.xml]
2015-05-15 10:11:19,410 INFO [org.springframework.beans.factory.xml.XmlBeanDefinitionReader] - Loading XML bean definitions from class path resource [applicationContext-redis.xml]
2015-05-15 10:11:19,431 DEBUG [org.springframework.beans.factory.xml.DefaultDocumentLoader] - Using JAXP provider [com.sun.org.apache.xerces.internal.jaxp.DocumentBuilderFactoryImpl]
2015-05-15 10:11:19,432 DEBUG [org.springframework.beans.factory.xml.PluggableSchemaResolver] - Found XML schema [http://www.springframework.org/schema/beans/spring-beans-3.0.xsd] in classpath: org/springframework/beans/factory/xml/spring-beans-3.0.xsd
2015-05-15 10:11:19,460 DEBUG [org.springframework.beans.factory.xml.DefaultBeanDefinitionDocumentReader] - Loading bean definitions
2015-05-15 10:11:19,465 DEBUG [org.springframework.beans.factory.xml.DefaultBeanDefinitionDocumentReader] - Imported 19 bean definitions from relative location [applicationContext-redis.xml]
2015-05-15 10:11:19,465 INFO [org.springframework.beans.factory.xml.XmlBeanDefinitionReader] - Loading XML bean definitions from class path resource [applicationContext-mysql.xml]
2015-05-15 10:11:19,486 DEBUG [org.springframework.beans.factory.xml.DefaultDocumentLoader] - Using JAXP provider [com.sun.org.apache.xerces.internal.jaxp.DocumentBuilderFactoryImpl]
2015-05-15 10:11:19,488 DEBUG [org.springframework.beans.factory.xml.PluggableSchemaResolver] - Found XML schema [http://www.springframework.org/schema/beans/spring-beans-3.0.xsd] in classpath: org/springframework/beans/factory/xml/spring-beans-3.0.xsd
2015-05-15 10:11:19,538 DEBUG [org.springframework.beans.factory.xml.DefaultBeanDefinitionDocumentReader] - Loading bean definitions
2015-05-15 10:11:19,539 INFO [org.springframework.beans.factory.support.DefaultListableBeanFactory] - Overriding bean definition for bean &apos;systemOncePayRewardDao&apos;: replacing [Generic bean: class [com.lodogame.game.dao.impl.cache.SystemOncePayRewardDaoCacheImpl]; scope=; abstract=false; lazyInit=false; autowireMode=0; dependencyCheck=0; autowireCandidate=true; primary=false; factoryBeanName=null; factoryMethodName=null; initMethodName=null; destroyMethodName=null; defined in class path resource [applicationContext-dao.xml]] with [Generic bean: class [com.lodogame.game.dao.impl.mysql.SystemOncePayRewardDaoMysqlImpl]; scope=; abstract=false; lazyInit=false; autowireMode=0; dependencyCheck=0; autowireCandidate=true; primary=false; factoryBeanName=null; factoryMethodName=null; initMethodName=null; destroyMethodName=null; defined in class path resource [applicationContext-mysql.xml]]
2015-05-15 10:11:19,540 INFO [org.springframework.beans.factory.support.DefaultListableBeanFactory] - Overriding bean definition for bean &apos;userPayRewardDao&apos;: replacing [Generic bean: class [com.lodogame.game.dao.impl.cache.UserPayRewardDaoCacheImpl]; scope=; abstract=false; lazyInit=false; autowireMode=0; dependencyCheck=0; autowireCandidate=true; primary=false; factoryBeanName=null; factoryMethodName=null; initMethodName=null; destroyMethodName=null; defined in class path resource [applicationContext-dao.xml]] with [Generic bean: class [com.lodogame.game.dao.impl.mysql.UserPayRewardDaoMysqlImpl]; scope=; abstract=false; lazyInit=false; autowireMode=0; dependencyCheck=0; autowireCandidate=true; primary=false; factoryBeanName=null; factoryMethodName=null; initMethodName=null; destroyMethodName=null; defined in class path resource [applicationContext-mysql.xml]]
2015-05-15 10:11:19,574 DEBUG [org.springframework.beans.factory.xml.DefaultBeanDefinitionDocumentReader] - Imported 85 bean definitions from relative location [applicationContext-mysql.xml]
2015-05-15 10:11:19,574 DEBUG [org.springframework.beans.factory.xml.XmlBeanDefinitionReader] - Loaded 192 bean definitions from location pattern [classpath:applicationContext-test.xml]
2015-05-15 10:11:19,652 INFO [org.springframework.context.support.GenericApplicationContext] - Refreshing org.springframework.context.support.GenericApplicationContext@6f3ee250: startup date [Fri May 15 10:11:19 CST 2015]; root of context hierarchy
2015-05-15 10:11:19,653 DEBUG [org.springframework.context.support.GenericApplicationContext] - Bean factory for org.springframework.context.support.GenericApplicationContext@6f3ee250: org.springframework.beans.factory.support.DefaultListableBeanFactory@47b2254c: defining beans [propertyConfigurer,taskExecutor,springDSN,jdbcTemplate,transactionManager,org.springframework.aop.config.internalAutoProxyCreator,org.springframework.transaction.annotation.AnnotationTransactionAttributeSource#0,org.springframework.transaction.interceptor.TransactionInterceptor#0,org.springframework.transaction.config.internalTransactionAdvisor,jdbc,cacheInit,userDao,userEquipDao,userHeroDao,systemHeroDao,systemEquipDao,systemHeroSkillDao,systemForcesDao,systemForcesMonsterDao,systemUserLevelDao,runtimeDataDao,systemRecivePowerDao,tavernDropToolDao,systemEquipAttrDao,userPkInfoDao,rankScoreCfgDao,userForcesDao,pkAwardDao,userDailyGainLogDao,configDataDao,systemEquipUpgradeToolDao,systemEquipUpgradeDao,systemToolDropDao,systemHeroExchangeDao,battleDao,forcesDropToolDao,systemActivityDao,systemActivityTaskDao,systemGiftbagDao,systemGoldSetDao,systemHeroUpgradeDao,systemHeroUpgradeToolDao,systemLevelExpDao,systemMallDao,systemMallDiscountDao,systemSceneDao,systemVipLevelDao,systemMonsterDao,systemToolDao,userActivityTaskDao,userExtinfoDao,userOnlineRewardDao,userSceneDao,userMapperDao,userGiftbagDao,userMallLogDao,userTavernDao,userTavernLogDao,userToolDao,arenaDaoCacheImpl,userPayRewardDao,systemOncePayRewardDao,systemMailDao,activityDrawDao,partnerApkUrlDao,userMallInfoDao,logPoolDao,chatLogDao,systemHeroUpgradeAddPropDao,userStoneDao,systemStoneDao,userArenaRecordLogDao,userEquipStoneDao,userArenaRewardLogDao,userArenaInfoDao,systemArenaGiftDao,userLoginRewardInfoDao,systemLoginRewardDao,systemContestRewardDao,userRecContestRewardLogDao,giftDropDao,userSweepInfoDao,systemHeroStoneMallDao,userGiftLogDao,systemBlackRoomConfigDao,userBlackRoomLogDao,systemEquipSellToolDao,userFriendRequestDao,userDaoRedisImpl,userEquipDaoRedisImpl,userForcesDaoRedisImpl,userHeroDaoRedisImpl,systemMailDaoRedisImpl,commandDaoRedisImpl,userExtinfoDaoRedisImpl,userActivityTaskDaoRedisImpl,userSceneDaoRedisImpl,userGiftbagDaoRedisImpl,logOperatorDaoRedisImpl,userMallLogDaoRedisImpl,userTavernDaoRedisImpl,userToolDaoRedisImpl,userDailyGainLogDaoRedisImpl,userMallInfoDaoRedisImpl,userSweepInfoDaoRedisImpl,userStoneDaoRedisImpl,userFriendRequestDaoRedisImpl,systemOncePayRewardDaoMysqlImpl,systemTotalPayRewardDao,toolExchangeDao,userDaoMysqlImpl,userHeroDaoMysqlImpl,userPkInfoDaoMysqlImpl,userEquipDaoMysqlImpl,systemHeroSkillDaoMysqlImpl,userSceneDaoMysqlImpl,userForcesDaoMysqlImpl,userToolDaoMysqlImpl,logDaoMysqlImpl,userTavernDaoMysqlImpl,userMapperDaoMysqlImpl,userExtinfoDaoMysqlImpl,userDailyGainLogDaoMysqlImpl,userMallLogDaoMysqlImpl,userGiftbagDaoMysqlImpl,paymentLogDaoMysqlImpl,giftCodeDaoMysqlImpl,userOnlineRewardDaoMysqlImpl,userActivityTaskDaoMysqlImpl,userMallInfoDaoMysqlImpl,systemEquipDaoMysqlImpl,systemHeroDaoMysqlImpl,systemHeroUpgradeDaoMysqlImpl,systemLevelExpDaoMysqlImpl,userTavernLogDaoMysqlImpl,systemHeroUpgradeToolDaoMysqlImpl,systemForcesMonsterDaoMysqlImpl,systemMonsterDaoMysqlImpl,tavernDropToolDaoMysqlImpl,systemSceneDaoMysqlImpl,systemForcesDaoMysqlImpl,systemUserLevelDaoMysqlImpl,forcesDropToolDaoMysqlImpl,userOnlineLogDaoMysqlImpl,systemGoldSetDaoMysqlImpl,systemEquipAttrDaoMysqlImpl,configDataDaoMysqlImpl,systemActivityDaoMysqlImpl,pkAwardDaoMysqlImpl,rankScoreCfgDaoMysqlImpl,systemRecivePowerDaoMysqlImpl,rankLogDaoMysqlImpl,systemEquipUpgradeToolDaoMysqlImpl,systemEquipUpgradeDaoMysqlImpl,systemToolDropDaoMysqlImpl,systemHeroExchangeDaoMysqlImpl,systemToolDaoMysqlImpl,systemMallDaoMysqlImpl,systemMallDiscountDaoMysqlImpl,systemGiftbagDaoMysqlImpl,systemVipLevelDaoMysqlImpl,systemActivityTaskDaoMysqlImpl,unSynDao,systemPassiveSkillDaoMysqlImpl,userPayRewardDaoMysqlImpl,userMailDaoMysqlImpl,systemMailDaoMysqlImpl,activityDrawDaoMysqlImpl,partnerApkUrlDaoMysqlImpl,systemTotalDayPayRewardDaoMysqlImpl,systemOnlineRewardDao,chatLogDaoMysqlImpl,systemHeroUpgradeAddPropDaoMysqlImpl,systemStoneDaoMysqlImpl,userStoneDaoMysqlImpl,userArenaRecordLogDaoMysqlImpl,userEquipStoneDaoMysqlImpl,userArenaRewardLogDaoMysqlImpl,userArenaInfoDaoMysqlImpl,systemArenaGiftDaoMysqlImpl,systemLoginRewardDaoMysqlImpl,userLoginRewardDaoMysqlImpl,systemContestRewardDaoMysqlImpl,userRecContestRewardLogDaoMysqlImpl,systemHeroStoneMallDaoMysqlImpl,giftDropDaoMysqlImpl,userSweepInfoDaoMysqlImpl,userGiftLogDaoMysqlImpl,systemBlackRoomConfigDaoMysqlImpl,userBlackRoomLogDaoCacheImpl,systemEquipSellToolDaoMysqlImpl,userFriendRequestDaoMysqlImpl,org.springframework.context.annotation.internalConfigurationAnnotationProcessor,org.springframework.context.annotation.internalAutowiredAnnotationProcessor,org.springframework.context.annotation.internalRequiredAnnotationProcessor,org.springframework.context.annotation.internalCommonAnnotationProcessor]; root of factory hierarchy
2015-05-15 10:11:20,068 DEBUG [org.springframework.beans.factory.support.DefaultListableBeanFactory] - Ignoring bean class loading failure for bean &apos;systemEquipDaoMysqlImpl&apos;
org.springframework.beans.factory.CannotLoadBeanClassException: Cannot find class [com.lodogame.game.dao.impl.mysql.SystemEquipDaoMysqlImpl] for bean with name &apos;systemEquipDaoMysqlImpl&apos; defined in class path resource [applicationContext-mysql.xml]; nested exception is java.lang.ClassNotFoundException: com.lodogame.game.dao.impl.mysql.SystemEquipDaoMysqlImpl
	at org.springframework.beans.factory.support.AbstractBeanFactory.resolveBeanClass(AbstractBeanFactory.java:1261)
	at org.springframework.beans.factory.support.AbstractAutowireCapableBeanFactory.predictBeanType(AbstractAutowireCapableBeanFactory.java:575)
	at org.springframework.beans.factory.support.AbstractBeanFactory.isFactoryBean(AbstractBeanFactory.java:1330)
	at org.springframework.beans.factory.support.DefaultListableBeanFactory.getBeanNamesForType(DefaultListableBeanFactory.java:317)
	at org.springframework.beans.factory.support.DefaultListableBeanFactory.getBeansOfType(DefaultListableBeanFactory.java:396)
	at org.springframework.context.support.AbstractApplicationContext.invokeBeanFactoryPostProcessors(AbstractApplicationContext.java:594)
	at org.springframework.context.support.AbstractApplicationContext.refresh(AbstractApplicationContext.java:407)
	at org.springframework.test.context.support.AbstractGenericContextLoader.loadContext(AbstractGenericContextLoader.java:84)
	at org.springframework.test.context.support.AbstractGenericContextLoader.loadContext(AbstractGenericContextLoader.java:1)
	at org.springframework.test.context.TestContext.loadApplicationContext(TestContext.java:280)
	at org.springframework.test.context.TestContext.getApplicationContext(TestContext.java:304)
	at org.springframework.test.context.support.DependencyInjectionTestExecutionListener.injectDependencies(DependencyInjectionTestExecutionListener.java:109)
	at org.springframework.test.context.support.DependencyInjectionTestExecutionListener.prepareTestInstance(DependencyInjectionTestExecutionListener.java:75)
	at org.springframework.test.context.TestContextManager.prepareTestInstance(TestContextManager.java:333)
	at org.springframework.test.context.testng.AbstractTestNGSpringContextTests.springTestContextPrepareTestInstance(AbstractTestNGSpringContextTests.java:133)
	at sun.reflect.NativeMethodAccessorImpl.invoke0(Native Method)
	at sun.reflect.NativeMethodAccessorImpl.invoke(NativeMethodAccessorImpl.java:57)
	at sun.reflect.DelegatingMethodAccessorImpl.invoke(DelegatingMethodAccessorImpl.java:43)
	at java.lang.reflect.Method.invoke(Method.java:606)
	at org.testng.internal.MethodInvocationHelper.invokeMethod(MethodInvocationHelper.java:80)
	at org.testng.internal.Invoker.invokeConfigurationMethod(Invoker.java:564)
	at org.testng.internal.Invoker.invokeConfigurations(Invoker.java:213)
	at org.testng.internal.Invoker.invokeConfigurations(Invoker.java:138)
	at org.testng.internal.TestMethodWorker.invokeBeforeClassMethods(TestMethodWorker.java:175)
	at org.testng.internal.TestMethodWorker.run(TestMethodWorker.java:107)
	at org.testng.TestRunner.privateRun(TestRunner.java:767)
	at org.testng.TestRunner.run(TestRunner.java:617)
	at org.testng.SuiteRunner.runTest(SuiteRunner.java:334)
	at org.testng.SuiteRunner.runSequentially(SuiteRunner.java:329)
	at org.testng.SuiteRunner.privateRun(SuiteRunner.java:291)
	at org.testng.SuiteRunner.run(SuiteRunner.java:240)
	at org.testng.SuiteRunnerWorker.runSuite(SuiteRunnerWorker.java:52)
	at org.testng.SuiteRunnerWorker.run(SuiteRunnerWorker.java:86)
	at org.testng.TestNG.runSuitesSequentially(TestNG.java:1198)
	at org.testng.TestNG.runSuitesLocally(TestNG.java:1123)
	at org.testng.TestNG.run(TestNG.java:1031)
	at org.apache.maven.surefire.testng.TestNGExecutor.run(TestNGExecutor.java:77)
	at org.apache.maven.surefire.testng.TestNGDirectoryTestSuite.executeMulti(TestNGDirectoryTestSuite.java:159)
	at org.apache.maven.surefire.testng.TestNGDirectoryTestSuite.execute(TestNGDirectoryTestSuite.java:99)
	at org.apache.maven.surefire.testng.TestNGProvider.invoke(TestNGProvider.java:106)
	at sun.reflect.NativeMethodAccessorImpl.invoke0(Native Method)
	at sun.reflect.NativeMethodAccessorImpl.invoke(NativeMethodAccessorImpl.java:57)
	at sun.reflect.DelegatingMethodAccessorImpl.invoke(DelegatingMethodAccessorImpl.java:43)
	at java.lang.reflect.Method.invoke(Method.java:606)
	at org.apache.maven.surefire.util.ReflectionUtils.invokeMethodWithArray(ReflectionUtils.java:189)
	at org.apache.maven.surefire.booter.ProviderFactory$ProviderProxy.invoke(ProviderFactory.java:165)
	at org.apache.maven.surefire.booter.ProviderFactory.invokeProvider(ProviderFactory.java:85)
	at org.apache.maven.surefire.booter.ForkedBooter.runSuitesInProcess(ForkedBooter.java:115)
	at org.apache.maven.surefire.booter.ForkedBooter.main(ForkedBooter.java:75)
Caused by: java.lang.ClassNotFoundException: com.lodogame.game.dao.impl.mysql.SystemEquipDaoMysqlImpl
	at java.net.URLClassLoader$1.run(URLClassLoader.java:366)
	at java.net.URLClassLoader$1.run(URLClassLoader.java:355)
	at java.security.AccessController.doPrivileged(Native Method)
	at java.net.URLClassLoader.findClass(URLClassLoader.java:354)
	at java.lang.ClassLoader.loadClass(ClassLoader.java:425)
	at sun.misc.Launcher$AppClassLoader.loadClass(Launcher.java:308)
	at java.lang.ClassLoader.loadClass(ClassLoader.java:358)
	at org.springframework.util.ClassUtils.forName(ClassUtils.java:257)
	at org.springframework.beans.factory.support.AbstractBeanDefinition.resolveBeanClass(AbstractBeanDefinition.java:408)
	at org.springframework.beans.factory.support.AbstractBeanFactory.doResolveBeanClass(AbstractBeanFactory.java:1282)
	at org.springframework.beans.factory.support.AbstractBeanFactory.resolveBeanClass(AbstractBeanFactory.java:1253)
	... 48 more
2015-05-15 10:11:20,087 DEBUG [org.springframework.beans.factory.support.DefaultListableBeanFactory] - Ignoring bean class loading failure for bean &apos;systemHeroDaoMysqlImpl&apos;
org.springframework.beans.factory.CannotLoadBeanClassException: Cannot find class [com.lodogame.game.dao.impl.mysql.SystemHeroDaoMysqlImpl] for bean with name &apos;systemHeroDaoMysqlImpl&apos; defined in class path resource [applicationContext-mysql.xml]; nested exception is java.lang.ClassNotFoundException: com.lodogame.game.dao.impl.mysql.SystemHeroDaoMysqlImpl
	at org.springframework.beans.factory.support.AbstractBeanFactory.resolveBeanClass(AbstractBeanFactory.java:1261)
	at org.springframework.beans.factory.support.AbstractAutowireCapableBeanFactory.predictBeanType(AbstractAutowireCapableBeanFactory.java:575)
	at org.springframework.beans.factory.support.AbstractBeanFactory.isFactoryBean(AbstractBeanFactory.java:1330)
	at org.springframework.beans.factory.support.DefaultListableBeanFactory.getBeanNamesForType(DefaultListableBeanFactory.java:317)
	at org.springframework.beans.factory.support.DefaultListableBeanFactory.getBeansOfType(DefaultListableBeanFactory.java:396)
	at org.springframework.context.support.AbstractApplicationContext.invokeBeanFactoryPostProcessors(AbstractApplicationContext.java:594)
	at org.springframework.context.support.AbstractApplicationContext.refresh(AbstractApplicationContext.java:407)
	at org.springframework.test.context.support.AbstractGenericContextLoader.loadContext(AbstractGenericContextLoader.java:84)
	at org.springframework.test.context.support.AbstractGenericContextLoader.loadContext(AbstractGenericContextLoader.java:1)
	at org.springframework.test.context.TestContext.loadApplicationContext(TestContext.java:280)
	at org.springframework.test.context.TestContext.getApplicationContext(TestContext.java:304)
	at org.springframework.test.context.support.DependencyInjectionTestExecutionListener.injectDependencies(DependencyInjectionTestExecutionListener.java:109)
	at org.springframework.test.context.support.DependencyInjectionTestExecutionListener.prepareTestInstance(DependencyInjectionTestExecutionListener.java:75)
	at org.springframework.test.context.TestContextManager.prepareTestInstance(TestContextManager.java:333)
	at org.springframework.test.context.testng.AbstractTestNGSpringContextTests.springTestContextPrepareTestInstance(AbstractTestNGSpringContextTests.java:133)
	at sun.reflect.NativeMethodAccessorImpl.invoke0(Native Method)
	at sun.reflect.NativeMethodAccessorImpl.invoke(NativeMethodAccessorImpl.java:57)
	at sun.reflect.DelegatingMethodAccessorImpl.invoke(DelegatingMethodAccessorImpl.java:43)
	at java.lang.reflect.Method.invoke(Method.java:606)
	at org.testng.internal.MethodInvocationHelper.invokeMethod(MethodInvocationHelper.java:80)
	at org.testng.internal.Invoker.invokeConfigurationMethod(Invoker.java:564)
	at org.testng.internal.Invoker.invokeConfigurations(Invoker.java:213)
	at org.testng.internal.Invoker.invokeConfigurations(Invoker.java:138)
	at org.testng.internal.TestMethodWorker.invokeBeforeClassMethods(TestMethodWorker.java:175)
	at org.testng.internal.TestMethodWorker.run(TestMethodWorker.java:107)
	at org.testng.TestRunner.privateRun(TestRunner.java:767)
	at org.testng.TestRunner.run(TestRunner.java:617)
	at org.testng.SuiteRunner.runTest(SuiteRunner.java:334)
	at org.testng.SuiteRunner.runSequentially(SuiteRunner.java:329)
	at org.testng.SuiteRunner.privateRun(SuiteRunner.java:291)
	at org.testng.SuiteRunner.run(SuiteRunner.java:240)
	at org.testng.SuiteRunnerWorker.runSuite(SuiteRunnerWorker.java:52)
	at org.testng.SuiteRunnerWorker.run(SuiteRunnerWorker.java:86)
	at org.testng.TestNG.runSuitesSequentially(TestNG.java:1198)
	at org.testng.TestNG.runSuitesLocally(TestNG.java:1123)
	at org.testng.TestNG.run(TestNG.java:1031)
	at org.apache.maven.surefire.testng.TestNGExecutor.run(TestNGExecutor.java:77)
	at org.apache.maven.surefire.testng.TestNGDirectoryTestSuite.executeMulti(TestNGDirectoryTestSuite.java:159)
	at org.apache.maven.surefire.testng.TestNGDirectoryTestSuite.execute(TestNGDirectoryTestSuite.java:99)
	at org.apache.maven.surefire.testng.TestNGProvider.invoke(TestNGProvider.java:106)
	at sun.reflect.NativeMethodAccessorImpl.invoke0(Native Method)
	at sun.reflect.NativeMethodAccessorImpl.invoke(NativeMethodAccessorImpl.java:57)
	at sun.reflect.DelegatingMethodAccessorImpl.invoke(DelegatingMethodAccessorImpl.java:43)
	at java.lang.reflect.Method.invoke(Method.java:606)
	at org.apache.maven.surefire.util.ReflectionUtils.invokeMethodWithArray(ReflectionUtils.java:189)
	at org.apache.maven.surefire.booter.ProviderFactory$ProviderProxy.invoke(ProviderFactory.java:165)
	at org.apache.maven.surefire.booter.ProviderFactory.invokeProvider(ProviderFactory.java:85)
	at org.apache.maven.surefire.booter.ForkedBooter.runSuitesInProcess(ForkedBooter.java:115)
	at org.apache.maven.surefire.booter.ForkedBooter.main(ForkedBooter.java:75)
Caused by: java.lang.ClassNotFoundException: com.lodogame.game.dao.impl.mysql.SystemHeroDaoMysqlImpl
	at java.net.URLClassLoader$1.run(URLClassLoader.java:366)
	at java.net.URLClassLoader$1.run(URLClassLoader.java:355)
	at java.security.AccessController.doPrivileged(Native Method)
	at java.net.URLClassLoader.findClass(URLClassLoader.java:354)
	at java.lang.ClassLoader.loadClass(ClassLoader.java:425)
	at sun.misc.Launcher$AppClassLoader.loadClass(Launcher.java:308)
	at java.lang.ClassLoader.loadClass(ClassLoader.java:358)
	at org.springframework.util.ClassUtils.forName(ClassUtils.java:257)
	at org.springframework.beans.factory.support.AbstractBeanDefinition.resolveBeanClass(AbstractBeanDefinition.java:408)
	at org.springframework.beans.factory.support.AbstractBeanFactory.doResolveBeanClass(AbstractBeanFactory.java:1282)
	at org.springframework.beans.factory.support.AbstractBeanFactory.resolveBeanClass(AbstractBeanFactory.java:1253)
	... 48 more
2015-05-15 10:11:20,089 DEBUG [org.springframework.beans.factory.support.DefaultListableBeanFactory] - Ignoring bean class loading failure for bean &apos;systemHeroUpgradeDaoMysqlImpl&apos;
org.springframework.beans.factory.CannotLoadBeanClassException: Cannot find class [com.lodogame.game.dao.impl.mysql.SystemHeroUpgradeDaoMysqlImpl] for bean with name &apos;systemHeroUpgradeDaoMysqlImpl&apos; defined in class path resource [applicationContext-mysql.xml]; nested exception is java.lang.ClassNotFoundException: com.lodogame.game.dao.impl.mysql.SystemHeroUpgradeDaoMysqlImpl
	at org.springframework.beans.factory.support.AbstractBeanFactory.resolveBeanClass(AbstractBeanFactory.java:1261)
	at org.springframework.beans.factory.support.AbstractAutowireCapableBeanFactory.predictBeanType(AbstractAutowireCapableBeanFactory.java:575)
	at org.springframework.beans.factory.support.AbstractBeanFactory.isFactoryBean(AbstractBeanFactory.java:1330)
	at org.springframework.beans.factory.support.DefaultListableBeanFactory.getBeanNamesForType(DefaultListableBeanFactory.java:317)
	at org.springframework.beans.factory.support.DefaultListableBeanFactory.getBeansOfType(DefaultListableBeanFactory.java:396)
	at org.springframework.context.support.AbstractApplicationContext.invokeBeanFactoryPostProcessors(AbstractApplicationContext.java:594)
	at org.springframework.context.support.AbstractApplicationContext.refresh(AbstractApplicationContext.java:407)
	at org.springframework.test.context.support.AbstractGenericContextLoader.loadContext(AbstractGenericContextLoader.java:84)
	at org.springframework.test.context.support.AbstractGenericContextLoader.loadContext(AbstractGenericContextLoader.java:1)
	at org.springframework.test.context.TestContext.loadApplicationContext(TestContext.java:280)
	at org.springframework.test.context.TestContext.getApplicationContext(TestContext.java:304)
	at org.springframework.test.context.support.DependencyInjectionTestExecutionListener.injectDependencies(DependencyInjectionTestExecutionListener.java:109)
	at org.springframework.test.context.support.DependencyInjectionTestExecutionListener.prepareTestInstance(DependencyInjectionTestExecutionListener.java:75)
	at org.springframework.test.context.TestContextManager.prepareTestInstance(TestContextManager.java:333)
	at org.springframework.test.context.testng.AbstractTestNGSpringContextTests.springTestContextPrepareTestInstance(AbstractTestNGSpringContextTests.java:133)
	at sun.reflect.NativeMethodAccessorImpl.invoke0(Native Method)
	at sun.reflect.NativeMethodAccessorImpl.invoke(NativeMethodAccessorImpl.java:57)
	at sun.reflect.DelegatingMethodAccessorImpl.invoke(DelegatingMethodAccessorImpl.java:43)
	at java.lang.reflect.Method.invoke(Method.java:606)
	at org.testng.internal.MethodInvocationHelper.invokeMethod(MethodInvocationHelper.java:80)
	at org.testng.internal.Invoker.invokeConfigurationMethod(Invoker.java:564)
	at org.testng.internal.Invoker.invokeConfigurations(Invoker.java:213)
	at org.testng.internal.Invoker.invokeConfigurations(Invoker.java:138)
	at org.testng.internal.TestMethodWorker.invokeBeforeClassMethods(TestMethodWorker.java:175)
	at org.testng.internal.TestMethodWorker.run(TestMethodWorker.java:107)
	at org.testng.TestRunner.privateRun(TestRunner.java:767)
	at org.testng.TestRunner.run(TestRunner.java:617)
	at org.testng.SuiteRunner.runTest(SuiteRunner.java:334)
	at org.testng.SuiteRunner.runSequentially(SuiteRunner.java:329)
	at org.testng.SuiteRunner.privateRun(SuiteRunner.java:291)
	at org.testng.SuiteRunner.run(SuiteRunner.java:240)
	at org.testng.SuiteRunnerWorker.runSuite(SuiteRunnerWorker.java:52)
	at org.testng.SuiteRunnerWorker.run(SuiteRunnerWorker.java:86)
	at org.testng.TestNG.runSuitesSequentially(TestNG.java:1198)
	at org.testng.TestNG.runSuitesLocally(TestNG.java:1123)
	at org.testng.TestNG.run(TestNG.java:1031)
	at org.apache.maven.surefire.testng.TestNGExecutor.run(TestNGExecutor.java:77)
	at org.apache.maven.surefire.testng.TestNGDirectoryTestSuite.executeMulti(TestNGDirectoryTestSuite.java:159)
	at org.apache.maven.surefire.testng.TestNGDirectoryTestSuite.execute(TestNGDirectoryTestSuite.java:99)
	at org.apache.maven.surefire.testng.TestNGProvider.invoke(TestNGProvider.java:106)
	at sun.reflect.NativeMethodAccessorImpl.invoke0(Native Method)
	at sun.reflect.NativeMethodAccessorImpl.invoke(NativeMethodAccessorImpl.java:57)
	at sun.reflect.DelegatingMethodAccessorImpl.invoke(DelegatingMethodAccessorImpl.java:43)
	at java.lang.reflect.Method.invoke(Method.java:606)
	at org.apache.maven.surefire.util.ReflectionUtils.invokeMethodWithArray(ReflectionUtils.java:189)
	at org.apache.maven.surefire.booter.ProviderFactory$ProviderProxy.invoke(ProviderFactory.java:165)
	at org.apache.maven.surefire.booter.ProviderFactory.invokeProvider(ProviderFactory.java:85)
	at org.apache.maven.surefire.booter.ForkedBooter.runSuitesInProcess(ForkedBooter.java:115)
	at org.apache.maven.surefire.booter.ForkedBooter.main(ForkedBooter.java:75)
Caused by: java.lang.ClassNotFoundException: com.lodogame.game.dao.impl.mysql.SystemHeroUpgradeDaoMysqlImpl
	at java.net.URLClassLoader$1.run(URLClassLoader.java:366)
	at java.net.URLClassLoader$1.run(URLClassLoader.java:355)
	at java.security.AccessController.doPrivileged(Native Method)
	at java.net.URLClassLoader.findClass(URLClassLoader.java:354)
	at java.lang.ClassLoader.loadClass(ClassLoader.java:425)
	at sun.misc.Launcher$AppClassLoader.loadClass(Launcher.java:308)
	at java.lang.ClassLoader.loadClass(ClassLoader.java:358)
	at org.springframework.util.ClassUtils.forName(ClassUtils.java:257)
	at org.springframework.beans.factory.support.AbstractBeanDefinition.resolveBeanClass(AbstractBeanDefinition.java:408)
	at org.springframework.beans.factory.support.AbstractBeanFactory.doResolveBeanClass(AbstractBeanFactory.java:1282)
	at org.springframework.beans.factory.support.AbstractBeanFactory.resolveBeanClass(AbstractBeanFactory.java:1253)
	... 48 more
2015-05-15 10:11:20,094 DEBUG [org.springframework.beans.factory.support.DefaultListableBeanFactory] - Ignoring bean class loading failure for bean &apos;systemForcesMonsterDaoMysqlImpl&apos;
org.springframework.beans.factory.CannotLoadBeanClassException: Cannot find class [com.lodogame.game.dao.impl.mysql.SystemForcesMonsterDaoMysqlImpl] for bean with name &apos;systemForcesMonsterDaoMysqlImpl&apos; defined in class path resource [applicationContext-mysql.xml]; nested exception is java.lang.ClassNotFoundException: com.lodogame.game.dao.impl.mysql.SystemForcesMonsterDaoMysqlImpl
	at org.springframework.beans.factory.support.AbstractBeanFactory.resolveBeanClass(AbstractBeanFactory.java:1261)
	at org.springframework.beans.factory.support.AbstractAutowireCapableBeanFactory.predictBeanType(AbstractAutowireCapableBeanFactory.java:575)
	at org.springframework.beans.factory.support.AbstractBeanFactory.isFactoryBean(AbstractBeanFactory.java:1330)
	at org.springframework.beans.factory.support.DefaultListableBeanFactory.getBeanNamesForType(DefaultListableBeanFactory.java:317)
	at org.springframework.beans.factory.support.DefaultListableBeanFactory.getBeansOfType(DefaultListableBeanFactory.java:396)
	at org.springframework.context.support.AbstractApplicationContext.invokeBeanFactoryPostProcessors(AbstractApplicationContext.java:594)
	at org.springframework.context.support.AbstractApplicationContext.refresh(AbstractApplicationContext.java:407)
	at org.springframework.test.context.support.AbstractGenericContextLoader.loadContext(AbstractGenericContextLoader.java:84)
	at org.springframework.test.context.support.AbstractGenericContextLoader.loadContext(AbstractGenericContextLoader.java:1)
	at org.springframework.test.context.TestContext.loadApplicationContext(TestContext.java:280)
	at org.springframework.test.context.TestContext.getApplicationContext(TestContext.java:304)
	at org.springframework.test.context.support.DependencyInjectionTestExecutionListener.injectDependencies(DependencyInjectionTestExecutionListener.java:109)
	at org.springframework.test.context.support.DependencyInjectionTestExecutionListener.prepareTestInstance(DependencyInjectionTestExecutionListener.java:75)
	at org.springframework.test.context.TestContextManager.prepareTestInstance(TestContextManager.java:333)
	at org.springframework.test.context.testng.AbstractTestNGSpringContextTests.springTestContextPrepareTestInstance(AbstractTestNGSpringContextTests.java:133)
	at sun.reflect.NativeMethodAccessorImpl.invoke0(Native Method)
	at sun.reflect.NativeMethodAccessorImpl.invoke(NativeMethodAccessorImpl.java:57)
	at sun.reflect.DelegatingMethodAccessorImpl.invoke(DelegatingMethodAccessorImpl.java:43)
	at java.lang.reflect.Method.invoke(Method.java:606)
	at org.testng.internal.MethodInvocationHelper.invokeMethod(MethodInvocationHelper.java:80)
	at org.testng.internal.Invoker.invokeConfigurationMethod(Invoker.java:564)
	at org.testng.internal.Invoker.invokeConfigurations(Invoker.java:213)
	at org.testng.internal.Invoker.invokeConfigurations(Invoker.java:138)
	at org.testng.internal.TestMethodWorker.invokeBeforeClassMethods(TestMethodWorker.java:175)
	at org.testng.internal.TestMethodWorker.run(TestMethodWorker.java:107)
	at org.testng.TestRunner.privateRun(TestRunner.java:767)
	at org.testng.TestRunner.run(TestRunner.java:617)
	at org.testng.SuiteRunner.runTest(SuiteRunner.java:334)
	at org.testng.SuiteRunner.runSequentially(SuiteRunner.java:329)
	at org.testng.SuiteRunner.privateRun(SuiteRunner.java:291)
	at org.testng.SuiteRunner.run(SuiteRunner.java:240)
	at org.testng.SuiteRunnerWorker.runSuite(SuiteRunnerWorker.java:52)
	at org.testng.SuiteRunnerWorker.run(SuiteRunnerWorker.java:86)
	at org.testng.TestNG.runSuitesSequentially(TestNG.java:1198)
	at org.testng.TestNG.runSuitesLocally(TestNG.java:1123)
	at org.testng.TestNG.run(TestNG.java:1031)
	at org.apache.maven.surefire.testng.TestNGExecutor.run(TestNGExecutor.java:77)
	at org.apache.maven.surefire.testng.TestNGDirectoryTestSuite.executeMulti(TestNGDirectoryTestSuite.java:159)
	at org.apache.maven.surefire.testng.TestNGDirectoryTestSuite.execute(TestNGDirectoryTestSuite.java:99)
	at org.apache.maven.surefire.testng.TestNGProvider.invoke(TestNGProvider.java:106)
	at sun.reflect.NativeMethodAccessorImpl.invoke0(Native Method)
	at sun.reflect.NativeMethodAccessorImpl.invoke(NativeMethodAccessorImpl.java:57)
	at sun.reflect.DelegatingMethodAccessorImpl.invoke(DelegatingMethodAccessorImpl.java:43)
	at java.lang.reflect.Method.invoke(Method.java:606)
	at org.apache.maven.surefire.util.ReflectionUtils.invokeMethodWithArray(ReflectionUtils.java:189)
	at org.apache.maven.surefire.booter.ProviderFactory$ProviderProxy.invoke(ProviderFactory.java:165)
	at org.apache.maven.surefire.booter.ProviderFactory.invokeProvider(ProviderFactory.java:85)
	at org.apache.maven.surefire.booter.ForkedBooter.runSuitesInProcess(ForkedBooter.java:115)
	at org.apache.maven.surefire.booter.ForkedBooter.main(ForkedBooter.java:75)
Caused by: java.lang.ClassNotFoundException: com.lodogame.game.dao.impl.mysql.SystemForcesMonsterDaoMysqlImpl
	at java.net.URLClassLoader$1.run(URLClassLoader.java:366)
	at java.net.URLClassLoader$1.run(URLClassLoader.java:355)
	at java.security.AccessController.doPrivileged(Native Method)
	at java.net.URLClassLoader.findClass(URLClassLoader.java:354)
	at java.lang.ClassLoader.loadClass(ClassLoader.java:425)
	at sun.misc.Launcher$AppClassLoader.loadClass(Launcher.java:308)
	at java.lang.ClassLoader.loadClass(ClassLoader.java:358)
	at org.springframework.util.ClassUtils.forName(ClassUtils.java:257)
	at org.springframework.beans.factory.support.AbstractBeanDefinition.resolveBeanClass(AbstractBeanDefinition.java:408)
	at org.springframework.beans.factory.support.AbstractBeanFactory.doResolveBeanClass(AbstractBeanFactory.java:1282)
	at org.springframework.beans.factory.support.AbstractBeanFactory.resolveBeanClass(AbstractBeanFactory.java:1253)
	... 48 more
2015-05-15 10:11:20,098 DEBUG [org.springframework.beans.factory.support.DefaultListableBeanFactory] - Ignoring bean class loading failure for bean &apos;systemMonsterDaoMysqlImpl&apos;
org.springframework.beans.factory.CannotLoadBeanClassException: Cannot find class [com.lodogame.game.dao.impl.mysql.SystemMonsterDaoMysqlImpl] for bean with name &apos;systemMonsterDaoMysqlImpl&apos; defined in class path resource [applicationContext-mysql.xml]; nested exception is java.lang.ClassNotFoundException: com.lodogame.game.dao.impl.mysql.SystemMonsterDaoMysqlImpl
	at org.springframework.beans.factory.support.AbstractBeanFactory.resolveBeanClass(AbstractBeanFactory.java:1261)
	at org.springframework.beans.factory.support.AbstractAutowireCapableBeanFactory.predictBeanType(AbstractAutowireCapableBeanFactory.java:575)
	at org.springframework.beans.factory.support.AbstractBeanFactory.isFactoryBean(AbstractBeanFactory.java:1330)
	at org.springframework.beans.factory.support.DefaultListableBeanFactory.getBeanNamesForType(DefaultListableBeanFactory.java:317)
	at org.springframework.beans.factory.support.DefaultListableBeanFactory.getBeansOfType(DefaultListableBeanFactory.java:396)
	at org.springframework.context.support.AbstractApplicationContext.invokeBeanFactoryPostProcessors(AbstractApplicationContext.java:594)
	at org.springframework.context.support.AbstractApplicationContext.refresh(AbstractApplicationContext.java:407)
	at org.springframework.test.context.support.AbstractGenericContextLoader.loadContext(AbstractGenericContextLoader.java:84)
	at org.springframework.test.context.support.AbstractGenericContextLoader.loadContext(AbstractGenericContextLoader.java:1)
	at org.springframework.test.context.TestContext.loadApplicationContext(TestContext.java:280)
	at org.springframework.test.context.TestContext.getApplicationContext(TestContext.java:304)
	at org.springframework.test.context.support.DependencyInjectionTestExecutionListener.injectDependencies(DependencyInjectionTestExecutionListener.java:109)
	at org.springframework.test.context.support.DependencyInjectionTestExecutionListener.prepareTestInstance(DependencyInjectionTestExecutionListener.java:75)
	at org.springframework.test.context.TestContextManager.prepareTestInstance(TestContextManager.java:333)
	at org.springframework.test.context.testng.AbstractTestNGSpringContextTests.springTestContextPrepareTestInstance(AbstractTestNGSpringContextTests.java:133)
	at sun.reflect.NativeMethodAccessorImpl.invoke0(Native Method)
	at sun.reflect.NativeMethodAccessorImpl.invoke(NativeMethodAccessorImpl.java:57)
	at sun.reflect.DelegatingMethodAccessorImpl.invoke(DelegatingMethodAccessorImpl.java:43)
	at java.lang.reflect.Method.invoke(Method.java:606)
	at org.testng.internal.MethodInvocationHelper.invokeMethod(MethodInvocationHelper.java:80)
	at org.testng.internal.Invoker.invokeConfigurationMethod(Invoker.java:564)
	at org.testng.internal.Invoker.invokeConfigurations(Invoker.java:213)
	at org.testng.internal.Invoker.invokeConfigurations(Invoker.java:138)
	at org.testng.internal.TestMethodWorker.invokeBeforeClassMethods(TestMethodWorker.java:175)
	at org.testng.internal.TestMethodWorker.run(TestMethodWorker.java:107)
	at org.testng.TestRunner.privateRun(TestRunner.java:767)
	at org.testng.TestRunner.run(TestRunner.java:617)
	at org.testng.SuiteRunner.runTest(SuiteRunner.java:334)
	at org.testng.SuiteRunner.runSequentially(SuiteRunner.java:329)
	at org.testng.SuiteRunner.privateRun(SuiteRunner.java:291)
	at org.testng.SuiteRunner.run(SuiteRunner.java:240)
	at org.testng.SuiteRunnerWorker.runSuite(SuiteRunnerWorker.java:52)
	at org.testng.SuiteRunnerWorker.run(SuiteRunnerWorker.java:86)
	at org.testng.TestNG.runSuitesSequentially(TestNG.java:1198)
	at org.testng.TestNG.runSuitesLocally(TestNG.java:1123)
	at org.testng.TestNG.run(TestNG.java:1031)
	at org.apache.maven.surefire.testng.TestNGExecutor.run(TestNGExecutor.java:77)
	at org.apache.maven.surefire.testng.TestNGDirectoryTestSuite.executeMulti(TestNGDirectoryTestSuite.java:159)
	at org.apache.maven.surefire.testng.TestNGDirectoryTestSuite.execute(TestNGDirectoryTestSuite.java:99)
	at org.apache.maven.surefire.testng.TestNGProvider.invoke(TestNGProvider.java:106)
	at sun.reflect.NativeMethodAccessorImpl.invoke0(Native Method)
	at sun.reflect.NativeMethodAccessorImpl.invoke(NativeMethodAccessorImpl.java:57)
	at sun.reflect.DelegatingMethodAccessorImpl.invoke(DelegatingMethodAccessorImpl.java:43)
	at java.lang.reflect.Method.invoke(Method.java:606)
	at org.apache.maven.surefire.util.ReflectionUtils.invokeMethodWithArray(ReflectionUtils.java:189)
	at org.apache.maven.surefire.booter.ProviderFactory$ProviderProxy.invoke(ProviderFactory.java:165)
	at org.apache.maven.surefire.booter.ProviderFactory.invokeProvider(ProviderFactory.java:85)
	at org.apache.maven.surefire.booter.ForkedBooter.runSuitesInProcess(ForkedBooter.java:115)
	at org.apache.maven.surefire.booter.ForkedBooter.main(ForkedBooter.java:75)
Caused by: java.lang.ClassNotFoundException: com.lodogame.game.dao.impl.mysql.SystemMonsterDaoMysqlImpl
	at java.net.URLClassLoader$1.run(URLClassLoader.java:366)
	at java.net.URLClassLoader$1.run(URLClassLoader.java:355)
	at java.security.AccessController.doPrivileged(Native Method)
	at java.net.URLClassLoader.findClass(URLClassLoader.java:354)
	at java.lang.ClassLoader.loadClass(ClassLoader.java:425)
	at sun.misc.Launcher$AppClassLoader.loadClass(Launcher.java:308)
	at java.lang.ClassLoader.loadClass(ClassLoader.java:358)
	at org.springframework.util.ClassUtils.forName(ClassUtils.java:257)
	at org.springframework.beans.factory.support.AbstractBeanDefinition.resolveBeanClass(AbstractBeanDefinition.java:408)
	at org.springframework.beans.factory.support.AbstractBeanFactory.doResolveBeanClass(AbstractBeanFactory.java:1282)
	at org.springframework.beans.factory.support.AbstractBeanFactory.resolveBeanClass(AbstractBeanFactory.java:1253)
	... 48 more
2015-05-15 10:11:20,101 DEBUG [org.springframework.beans.factory.support.DefaultListableBeanFactory] - Ignoring bean class loading failure for bean &apos;systemSceneDaoMysqlImpl&apos;
org.springframework.beans.factory.CannotLoadBeanClassException: Cannot find class [com.lodogame.game.dao.impl.mysql.SystemSceneDaoMysqlImpl] for bean with name &apos;systemSceneDaoMysqlImpl&apos; defined in class path resource [applicationContext-mysql.xml]; nested exception is java.lang.ClassNotFoundException: com.lodogame.game.dao.impl.mysql.SystemSceneDaoMysqlImpl
	at org.springframework.beans.factory.support.AbstractBeanFactory.resolveBeanClass(AbstractBeanFactory.java:1261)
	at org.springframework.beans.factory.support.AbstractAutowireCapableBeanFactory.predictBeanType(AbstractAutowireCapableBeanFactory.java:575)
	at org.springframework.beans.factory.support.AbstractBeanFactory.isFactoryBean(AbstractBeanFactory.java:1330)
	at org.springframework.beans.factory.support.DefaultListableBeanFactory.getBeanNamesForType(DefaultListableBeanFactory.java:317)
	at org.springframework.beans.factory.support.DefaultListableBeanFactory.getBeansOfType(DefaultListableBeanFactory.java:396)
	at org.springframework.context.support.AbstractApplicationContext.invokeBeanFactoryPostProcessors(AbstractApplicationContext.java:594)
	at org.springframework.context.support.AbstractApplicationContext.refresh(AbstractApplicationContext.java:407)
	at org.springframework.test.context.support.AbstractGenericContextLoader.loadContext(AbstractGenericContextLoader.java:84)
	at org.springframework.test.context.support.AbstractGenericContextLoader.loadContext(AbstractGenericContextLoader.java:1)
	at org.springframework.test.context.TestContext.loadApplicationContext(TestContext.java:280)
	at org.springframework.test.context.TestContext.getApplicationContext(TestContext.java:304)
	at org.springframework.test.context.support.DependencyInjectionTestExecutionListener.injectDependencies(DependencyInjectionTestExecutionListener.java:109)
	at org.springframework.test.context.support.DependencyInjectionTestExecutionListener.prepareTestInstance(DependencyInjectionTestExecutionListener.java:75)
	at org.springframework.test.context.TestContextManager.prepareTestInstance(TestContextManager.java:333)
	at org.springframework.test.context.testng.AbstractTestNGSpringContextTests.springTestContextPrepareTestInstance(AbstractTestNGSpringContextTests.java:133)
	at sun.reflect.NativeMethodAccessorImpl.invoke0(Native Method)
	at sun.reflect.NativeMethodAccessorImpl.invoke(NativeMethodAccessorImpl.java:57)
	at sun.reflect.DelegatingMethodAccessorImpl.invoke(DelegatingMethodAccessorImpl.java:43)
	at java.lang.reflect.Method.invoke(Method.java:606)
	at org.testng.internal.MethodInvocationHelper.invokeMethod(MethodInvocationHelper.java:80)
	at org.testng.internal.Invoker.invokeConfigurationMethod(Invoker.java:564)
	at org.testng.internal.Invoker.invokeConfigurations(Invoker.java:213)
	at org.testng.internal.Invoker.invokeConfigurations(Invoker.java:138)
	at org.testng.internal.TestMethodWorker.invokeBeforeClassMethods(TestMethodWorker.java:175)
	at org.testng.internal.TestMethodWorker.run(TestMethodWorker.java:107)
	at org.testng.TestRunner.privateRun(TestRunner.java:767)
	at org.testng.TestRunner.run(TestRunner.java:617)
	at org.testng.SuiteRunner.runTest(SuiteRunner.java:334)
	at org.testng.SuiteRunner.runSequentially(SuiteRunner.java:329)
	at org.testng.SuiteRunner.privateRun(SuiteRunner.java:291)
	at org.testng.SuiteRunner.run(SuiteRunner.java:240)
	at org.testng.SuiteRunnerWorker.runSuite(SuiteRunnerWorker.java:52)
	at org.testng.SuiteRunnerWorker.run(SuiteRunnerWorker.java:86)
	at org.testng.TestNG.runSuitesSequentially(TestNG.java:1198)
	at org.testng.TestNG.runSuitesLocally(TestNG.java:1123)
	at org.testng.TestNG.run(TestNG.java:1031)
	at org.apache.maven.surefire.testng.TestNGExecutor.run(TestNGExecutor.java:77)
	at org.apache.maven.surefire.testng.TestNGDirectoryTestSuite.executeMulti(TestNGDirectoryTestSuite.java:159)
	at org.apache.maven.surefire.testng.TestNGDirectoryTestSuite.execute(TestNGDirectoryTestSuite.java:99)
	at org.apache.maven.surefire.testng.TestNGProvider.invoke(TestNGProvider.java:106)
	at sun.reflect.NativeMethodAccessorImpl.invoke0(Native Method)
	at sun.reflect.NativeMethodAccessorImpl.invoke(NativeMethodAccessorImpl.java:57)
	at sun.reflect.DelegatingMethodAccessorImpl.invoke(DelegatingMethodAccessorImpl.java:43)
	at java.lang.reflect.Method.invoke(Method.java:606)
	at org.apache.maven.surefire.util.ReflectionUtils.invokeMethodWithArray(ReflectionUtils.java:189)
	at org.apache.maven.surefire.booter.ProviderFactory$ProviderProxy.invoke(ProviderFactory.java:165)
	at org.apache.maven.surefire.booter.ProviderFactory.invokeProvider(ProviderFactory.java:85)
	at org.apache.maven.surefire.booter.ForkedBooter.runSuitesInProcess(ForkedBooter.java:115)
	at org.apache.maven.surefire.booter.ForkedBooter.main(ForkedBooter.java:75)
Caused by: java.lang.ClassNotFoundException: com.lodogame.game.dao.impl.mysql.SystemSceneDaoMysqlImpl
	at java.net.URLClassLoader$1.run(URLClassLoader.java:366)
	at java.net.URLClassLoader$1.run(URLClassLoader.java:355)
	at java.security.AccessController.doPrivileged(Native Method)
	at java.net.URLClassLoader.findClass(URLClassLoader.java:354)
	at java.lang.ClassLoader.loadClass(ClassLoader.java:425)
	at sun.misc.Launcher$AppClassLoader.loadClass(Launcher.java:308)
	at java.lang.ClassLoader.loadClass(ClassLoader.java:358)
	at org.springframework.util.ClassUtils.forName(ClassUtils.java:257)
	at org.springframework.beans.factory.support.AbstractBeanDefinition.resolveBeanClass(AbstractBeanDefinition.java:408)
	at org.springframework.beans.factory.support.AbstractBeanFactory.doResolveBeanClass(AbstractBeanFactory.java:1282)
	at org.springframework.beans.factory.support.AbstractBeanFactory.resolveBeanClass(AbstractBeanFactory.java:1253)
	... 48 more
2015-05-15 10:11:20,118 DEBUG [org.springframework.beans.factory.support.DefaultListableBeanFactory] - Ignoring bean class loading failure for bean &apos;forcesDropToolDaoMysqlImpl&apos;
org.springframework.beans.factory.CannotLoadBeanClassException: Cannot find class [com.lodogame.game.dao.impl.mysql.ForcesDropToolDaoMysqlImpl] for bean with name &apos;forcesDropToolDaoMysqlImpl&apos; defined in class path resource [applicationContext-mysql.xml]; nested exception is java.lang.ClassNotFoundException: com.lodogame.game.dao.impl.mysql.ForcesDropToolDaoMysqlImpl
	at org.springframework.beans.factory.support.AbstractBeanFactory.resolveBeanClass(AbstractBeanFactory.java:1261)
	at org.springframework.beans.factory.support.AbstractAutowireCapableBeanFactory.predictBeanType(AbstractAutowireCapableBeanFactory.java:575)
	at org.springframework.beans.factory.support.AbstractBeanFactory.isFactoryBean(AbstractBeanFactory.java:1330)
	at org.springframework.beans.factory.support.DefaultListableBeanFactory.getBeanNamesForType(DefaultListableBeanFactory.java:317)
	at org.springframework.beans.factory.support.DefaultListableBeanFactory.getBeansOfType(DefaultListableBeanFactory.java:396)
	at org.springframework.context.support.AbstractApplicationContext.invokeBeanFactoryPostProcessors(AbstractApplicationContext.java:594)
	at org.springframework.context.support.AbstractApplicationContext.refresh(AbstractApplicationContext.java:407)
	at org.springframework.test.context.support.AbstractGenericContextLoader.loadContext(AbstractGenericContextLoader.java:84)
	at org.springframework.test.context.support.AbstractGenericContextLoader.loadContext(AbstractGenericContextLoader.java:1)
	at org.springframework.test.context.TestContext.loadApplicationContext(TestContext.java:280)
	at org.springframework.test.context.TestContext.getApplicationContext(TestContext.java:304)
	at org.springframework.test.context.support.DependencyInjectionTestExecutionListener.injectDependencies(DependencyInjectionTestExecutionListener.java:109)
	at org.springframework.test.context.support.DependencyInjectionTestExecutionListener.prepareTestInstance(DependencyInjectionTestExecutionListener.java:75)
	at org.springframework.test.context.TestContextManager.prepareTestInstance(TestContextManager.java:333)
	at org.springframework.test.context.testng.AbstractTestNGSpringContextTests.springTestContextPrepareTestInstance(AbstractTestNGSpringContextTests.java:133)
	at sun.reflect.NativeMethodAccessorImpl.invoke0(Native Method)
	at sun.reflect.NativeMethodAccessorImpl.invoke(NativeMethodAccessorImpl.java:57)
	at sun.reflect.DelegatingMethodAccessorImpl.invoke(DelegatingMethodAccessorImpl.java:43)
	at java.lang.reflect.Method.invoke(Method.java:606)
	at org.testng.internal.MethodInvocationHelper.invokeMethod(MethodInvocationHelper.java:80)
	at org.testng.internal.Invoker.invokeConfigurationMethod(Invoker.java:564)
	at org.testng.internal.Invoker.invokeConfigurations(Invoker.java:213)
	at org.testng.internal.Invoker.invokeConfigurations(Invoker.java:138)
	at org.testng.internal.TestMethodWorker.invokeBeforeClassMethods(TestMethodWorker.java:175)
	at org.testng.internal.TestMethodWorker.run(TestMethodWorker.java:107)
	at org.testng.TestRunner.privateRun(TestRunner.java:767)
	at org.testng.TestRunner.run(TestRunner.java:617)
	at org.testng.SuiteRunner.runTest(SuiteRunner.java:334)
	at org.testng.SuiteRunner.runSequentially(SuiteRunner.java:329)
	at org.testng.SuiteRunner.privateRun(SuiteRunner.java:291)
	at org.testng.SuiteRunner.run(SuiteRunner.java:240)
	at org.testng.SuiteRunnerWorker.runSuite(SuiteRunnerWorker.java:52)
	at org.testng.SuiteRunnerWorker.run(SuiteRunnerWorker.java:86)
	at org.testng.TestNG.runSuitesSequentially(TestNG.java:1198)
	at org.testng.TestNG.runSuitesLocally(TestNG.java:1123)
	at org.testng.TestNG.run(TestNG.java:1031)
	at org.apache.maven.surefire.testng.TestNGExecutor.run(TestNGExecutor.java:77)
	at org.apache.maven.surefire.testng.TestNGDirectoryTestSuite.executeMulti(TestNGDirectoryTestSuite.java:159)
	at org.apache.maven.surefire.testng.TestNGDirectoryTestSuite.execute(TestNGDirectoryTestSuite.java:99)
	at org.apache.maven.surefire.testng.TestNGProvider.invoke(TestNGProvider.java:106)
	at sun.reflect.NativeMethodAccessorImpl.invoke0(Native Method)
	at sun.reflect.NativeMethodAccessorImpl.invoke(NativeMethodAccessorImpl.java:57)
	at sun.reflect.DelegatingMethodAccessorImpl.invoke(DelegatingMethodAccessorImpl.java:43)
	at java.lang.reflect.Method.invoke(Method.java:606)
	at org.apache.maven.surefire.util.ReflectionUtils.invokeMethodWithArray(ReflectionUtils.java:189)
[...]
2015-05-15 10:11:21,567 DEBUG [org.springframework.test.context.support.DirtiesContextTestExecutionListener] - After test class: context [[TestContext@57cf81e testClass = UserGiftbagDaoMysqlImplTest, locations = array&lt;String&gt;[&apos;classpath:applicationContext-test.xml&apos;], testInstance = [null], testMethod = [null], testException = [null]]], dirtiesContext [false].
</system-out>
  </testcase>
  <testcase time="0.002" classname="com.lodogame.dao.impl.mysql.UserHeroMysqlImplTest" name="springTestContextPrepareTestInstance">
    <skipped/>
  </testcase>
  <testcase time="0.002" classname="com.lodogame.dao.impl.mysql.UserHeroMysqlImplTest" name="springTestContextBeforeTestMethod">
    <skipped/>
  </testcase>
  <testcase time="0" classname="com.lodogame.dao.impl.mysql.UserHeroMysqlImplTest" name="testAddUserHero">
    <skipped/>
  </testcase>
  <testcase time="0.001" classname="com.lodogame.dao.impl.mysql.UserHeroMysqlImplTest" name="springTestContextBeforeTestMethod">
    <skipped/>
    <system-out>2015-05-15 10:11:21,568 DEBUG [org.springframework.test.context.support.DirtiesContextTestExecutionListener] - After test method: context [[TestContext@61470479 testClass = UserHeroMysqlImplTest, locations = array&lt;String&gt;[&apos;classpath:applicationContext-test.xml&apos;], testInstance = com.lodogame.dao.impl.mysql.UserHeroMysqlImplTest@68dfb213, testMethod = testAddUserHero@UserHeroMysqlImplTest, testException = [null]]], class dirties context [false], class mode [null], method dirties context [false].
</system-out>
  </testcase>
  <testcase time="0" classname="com.lodogame.dao.impl.mysql.UserHeroMysqlImplTest" name="testDelete">
    <skipped/>
  </testcase>
  <testcase time="0" classname="com.lodogame.dao.impl.mysql.UserHeroMysqlImplTest" name="springTestContextBeforeTestMethod">
    <skipped/>
    <system-out>2015-05-15 10:11:21,569 DEBUG [org.springframework.test.context.support.DirtiesContextTestExecutionListener] - After test method: context [[TestContext@61470479 testClass = UserHeroMysqlImplTest, locations = array&lt;String&gt;[&apos;classpath:applicationContext-test.xml&apos;], testInstance = com.lodogame.dao.impl.mysql.UserHeroMysqlImplTest@68dfb213, testMethod = testDelete@UserHeroMysqlImplTest, testException = [null]]], class dirties context [false], class mode [null], method dirties context [false].
</system-out>
  </testcase>
  <testcase time="0" classname="com.lodogame.dao.impl.mysql.UserHeroMysqlImplTest" name="testGetCount">
    <skipped/>
  </testcase>
  <testcase time="0.001" classname="com.lodogame.dao.impl.mysql.UserHeroMysqlImplTest" name="springTestContextBeforeTestMethod">
    <skipped/>
    <system-out>2015-05-15 10:11:21,570 DEBUG [org.springframework.test.context.support.DirtiesContextTestExecutionListener] - After test method: context [[TestContext@61470479 testClass = UserHeroMysqlImplTest, locations = array&lt;String&gt;[&apos;classpath:applicationContext-test.xml&apos;], testInstance = com.lodogame.dao.impl.mysql.UserHeroMysqlImplTest@68dfb213, testMethod = testGetCount@UserHeroMysqlImplTest, testException = [null]]], class dirties context [false], class mode [null], method dirties context [false].
</system-out>
  </testcase>
  <testcase time="0" classname="com.lodogame.dao.impl.mysql.UserHeroMysqlImplTest" name="testGetUseHeroList">
    <skipped/>
  </testcase>
  <testcase time="0.005" classname="com.lodogame.dao.impl.mysql.UserHeroMysqlImplTest" name="springTestContextBeforeTestMethod">
    <skipped/>
    <system-out>2015-05-15 10:11:21,581 DEBUG [org.springframework.test.context.support.DirtiesContextTestExecutionListener] - After test method: context [[TestContext@61470479 testClass = UserHeroMysqlImplTest, locations = array&lt;String&gt;[&apos;classpath:applicationContext-test.xml&apos;], testInstance = com.lodogame.dao.impl.mysql.UserHeroMysqlImplTest@68dfb213, testMethod = testGetUseHeroList@UserHeroMysqlImplTest, testException = [null]]], class dirties context [false], class mode [null], method dirties context [false].
</system-out>
  </testcase>
  <testcase time="0" classname="com.lodogame.dao.impl.mysql.UserHeroMysqlImplTest" name="testGetUserHeroInfo">
    <skipped/>
  </testcase>
  <testcase time="0.001" classname="com.lodogame.game.dao.impl.mysql.UserMapperDaoMysqlImplTest" name="springTestContextBeforeTestClass">
    <skipped/>
    <system-out>2015-05-15 10:11:21,586 DEBUG [org.springframework.test.context.support.DirtiesContextTestExecutionListener] - After test method: context [[TestContext@61470479 testClass = UserHeroMysqlImplTest, locations = array&lt;String&gt;[&apos;classpath:applicationContext-test.xml&apos;], testInstance = com.lodogame.dao.impl.mysql.UserHeroMysqlImplTest@68dfb213, testMethod = testGetUserHeroInfo@UserHeroMysqlImplTest, testException = [null]]], class dirties context [false], class mode [null], method dirties context [false].
2015-05-15 10:11:21,588 DEBUG [org.springframework.test.context.support.DirtiesContextTestExecutionListener] - After test class: context [[TestContext@61470479 testClass = UserHeroMysqlImplTest, locations = array&lt;String&gt;[&apos;classpath:applicationContext-test.xml&apos;], testInstance = [null], testMethod = [null], testException = [null]]], dirtiesContext [false].
</system-out>
  </testcase>
  <testcase time="0.001" classname="com.lodogame.game.dao.impl.mysql.UserMapperDaoMysqlImplTest" name="springTestContextPrepareTestInstance">
    <skipped/>
  </testcase>
  <testcase time="0.001" classname="com.lodogame.game.dao.impl.mysql.UserMapperDaoMysqlImplTest" name="springTestContextBeforeTestMethod">
    <skipped/>
  </testcase>
  <testcase time="0" classname="com.lodogame.game.dao.impl.mysql.UserMapperDaoMysqlImplTest" name="getByPartnerUserId">
    <skipped/>
  </testcase>
  <testcase time="0.001" classname="com.lodogame.game.dao.impl.mysql.UserOnlineLogDaoMysqlImplTest" name="springTestContextBeforeTestClass">
    <skipped/>
    <system-out>2015-05-15 10:11:21,599 DEBUG [org.springframework.test.context.support.DirtiesContextTestExecutionListener] - After test method: context [[TestContext@75328b7e testClass = UserMapperDaoMysqlImplTest, locations = array&lt;String&gt;[&apos;classpath:applicationContext-test.xml&apos;], testInstance = com.lodogame.game.dao.impl.mysql.UserMapperDaoMysqlImplTest@6dc5f0ba, testMethod = getByPartnerUserId@UserMapperDaoMysqlImplTest, testException = [null]]], class dirties context [false], class mode [null], method dirties context [false].
2015-05-15 10:11:21,600 DEBUG [org.springframework.test.context.support.DirtiesContextTestExecutionListener] - After test class: context [[TestContext@75328b7e testClass = UserMapperDaoMysqlImplTest, locations = array&lt;String&gt;[&apos;classpath:applicationContext-test.xml&apos;], testInstance = [null], testMethod = [null], testException = [null]]], dirtiesContext [false].
</system-out>
  </testcase>
  <testcase time="0.001" classname="com.lodogame.game.dao.impl.mysql.UserOnlineLogDaoMysqlImplTest" name="springTestContextPrepareTestInstance">
    <skipped/>
  </testcase>
  <testcase time="0.001" classname="com.lodogame.game.dao.impl.mysql.UserOnlineLogDaoMysqlImplTest" name="setUpBeforeClass">
    <skipped/>
  </testcase>
  <testcase time="0.001" classname="com.lodogame.game.dao.impl.mysql.UserOnlineLogDaoMysqlImplTest" name="springTestContextBeforeTestMethod">
    <skipped/>
  </testcase>
  <testcase time="0" classname="com.lodogame.game.dao.impl.mysql.UserOnlineLogDaoMysqlImplTest" name="add">
    <skipped/>
  </testcase>
  <testcase time="0.001" classname="com.lodogame.game.dao.impl.mysql.UserOnlineLogDaoMysqlImplTest" name="springTestContextBeforeTestMethod">
    <skipped/>
    <system-out>2015-05-15 10:11:21,606 DEBUG [org.springframework.test.context.support.DirtiesContextTestExecutionListener] - After test method: context [[TestContext@d42ee testClass = UserOnlineLogDaoMysqlImplTest, locations = array&lt;String&gt;[&apos;classpath:applicationContext-test.xml&apos;], testInstance = com.lodogame.game.dao.impl.mysql.UserOnlineLogDaoMysqlImplTest@7629a4cb, testMethod = add@UserOnlineLogDaoMysqlImplTest, testException = [null]]], class dirties context [false], class mode [null], method dirties context [false].
</system-out>
  </testcase>
  <testcase time="0" classname="com.lodogame.game.dao.impl.mysql.UserOnlineLogDaoMysqlImplTest" name="getLastOnlineTest">
    <skipped/>
  </testcase>
  <testcase time="0" classname="com.lodogame.game.dao.impl.mysql.UserOnlineLogDaoMysqlImplTest" name="springTestContextBeforeTestMethod">
    <skipped/>
    <system-out>2015-05-15 10:11:21,609 DEBUG [org.springframework.test.context.support.DirtiesContextTestExecutionListener] - After test method: context [[TestContext@d42ee testClass = UserOnlineLogDaoMysqlImplTest, locations = array&lt;String&gt;[&apos;classpath:applicationContext-test.xml&apos;], testInstance = com.lodogame.game.dao.impl.mysql.UserOnlineLogDaoMysqlImplTest@7629a4cb, testMethod = getLastOnlineTest@UserOnlineLogDaoMysqlImplTest, testException = [null]]], class dirties context [false], class mode [null], method dirties context [false].
</system-out>
  </testcase>
  <testcase time="0" classname="com.lodogame.game.dao.impl.mysql.UserOnlineLogDaoMysqlImplTest" name="getUserOnline">
    <skipped/>
  </testcase>
  <testcase time="0.001" classname="com.lodogame.game.dao.impl.mysql.UserOnlineLogDaoMysqlImplTest" name="springTestContextBeforeTestMethod">
    <skipped/>
    <system-out>2015-05-15 10:11:21,619 DEBUG [org.springframework.test.context.support.DirtiesContextTestExecutionListener] - After test method: context [[TestContext@d42ee testClass = UserOnlineLogDaoMysqlImplTest, locations = array&lt;String&gt;[&apos;classpath:applicationContext-test.xml&apos;], testInstance = com.lodogame.game.dao.impl.mysql.UserOnlineLogDaoMysqlImplTest@7629a4cb, testMethod = getUserOnline@UserOnlineLogDaoMysqlImplTest, testException = [null]]], class dirties context [false], class mode [null], method dirties context [false].
</system-out>
  </testcase>
  <testcase time="0" classname="com.lodogame.game.dao.impl.mysql.UserOnlineLogDaoMysqlImplTest" name="getUserOnlineTest">
    <skipped/>
  </testcase>
  <testcase time="0" classname="com.lodogame.game.dao.impl.mysql.UserOnlineLogDaoMysqlImplTest" name="springTestContextBeforeTestMethod">
    <skipped/>
    <system-out>2015-05-15 10:11:21,620 DEBUG [org.springframework.test.context.support.DirtiesContextTestExecutionListener] - After test method: context [[TestContext@d42ee testClass = UserOnlineLogDaoMysqlImplTest, locations = array&lt;String&gt;[&apos;classpath:applicationContext-test.xml&apos;], testInstance = com.lodogame.game.dao.impl.mysql.UserOnlineLogDaoMysqlImplTest@7629a4cb, testMethod = getUserOnlineTest@UserOnlineLogDaoMysqlImplTest, testException = [null]]], class dirties context [false], class mode [null], method dirties context [false].
</system-out>
  </testcase>
  <testcase time="0" classname="com.lodogame.game.dao.impl.mysql.UserOnlineLogDaoMysqlImplTest" name="isLogin">
    <skipped/>
  </testcase>
  <testcase time="0.002" classname="com.lodogame.game.dao.impl.cache.UserPayRewardDaoCacheImplTest" name="springTestContextBeforeTestClass">
    <skipped/>
    <system-out>2015-05-15 10:11:21,620 DEBUG [org.springframework.test.context.support.DirtiesContextTestExecutionListener] - After test method: context [[TestContext@d42ee testClass = UserOnlineLogDaoMysqlImplTest, locations = array&lt;String&gt;[&apos;classpath:applicationContext-test.xml&apos;], testInstance = com.lodogame.game.dao.impl.mysql.UserOnlineLogDaoMysqlImplTest@7629a4cb, testMethod = isLogin@UserOnlineLogDaoMysqlImplTest, testException = [null]]], class dirties context [false], class mode [null], method dirties context [false].
2015-05-15 10:11:21,634 DEBUG [org.springframework.test.context.support.DirtiesContextTestExecutionListener] - After test class: context [[TestContext@d42ee testClass = UserOnlineLogDaoMysqlImplTest, locations = array&lt;String&gt;[&apos;classpath:applicationContext-test.xml&apos;], testInstance = [null], testMethod = [null], testException = [null]]], dirtiesContext [false].
</system-out>
  </testcase>
  <testcase time="0.002" classname="com.lodogame.game.dao.impl.cache.UserPayRewardDaoCacheImplTest" name="springTestContextPrepareTestInstance">
    <skipped/>
  </testcase>
  <testcase time="0.002" classname="com.lodogame.game.dao.impl.cache.UserPayRewardDaoCacheImplTest" name="springTestContextBeforeTestMethod">
    <skipped/>
  </testcase>
  <testcase time="0" classname="com.lodogame.game.dao.impl.cache.UserPayRewardDaoCacheImplTest" name="add">
    <skipped/>
  </testcase>
  <testcase time="0" classname="com.lodogame.game.dao.impl.cache.UserPayRewardDaoCacheImplTest" name="springTestContextBeforeTestMethod">
    <skipped/>
    <system-out>2015-05-15 10:11:21,635 DEBUG [org.springframework.test.context.support.DirtiesContextTestExecutionListener] - After test method: context [[TestContext@44d88759 testClass = UserPayRewardDaoCacheImplTest, locations = array&lt;String&gt;[&apos;classpath:applicationContext-test.xml&apos;], testInstance = com.lodogame.game.dao.impl.cache.UserPayRewardDaoCacheImplTest@5a4bccdd, testMethod = add@UserPayRewardDaoCacheImplTest, testException = [null]]], class dirties context [false], class mode [null], method dirties context [false].
</system-out>
  </testcase>
  <testcase time="0" classname="com.lodogame.game.dao.impl.cache.UserPayRewardDaoCacheImplTest" name="getList">
    <skipped/>
  </testcase>
  <testcase time="0.001" classname="com.lodogame.game.dao.impl.cache.UserPayRewardDaoCacheImplTest" name="springTestContextBeforeTestMethod">
    <skipped/>
    <system-out>2015-05-15 10:11:21,637 DEBUG [org.springframework.test.context.support.DirtiesContextTestExecutionListener] - After test method: context [[TestContext@44d88759 testClass = UserPayRewardDaoCacheImplTest, locations = array&lt;String&gt;[&apos;classpath:applicationContext-test.xml&apos;], testInstance = com.lodogame.game.dao.impl.cache.UserPayRewardDaoCacheImplTest@5a4bccdd, testMethod = getList@UserPayRewardDaoCacheImplTest, testException = [null]]], class dirties context [false], class mode [null], method dirties context [false].
</system-out>
  </testcase>
  <testcase time="0" classname="com.lodogame.game.dao.impl.cache.UserPayRewardDaoCacheImplTest" name="getReceivedOrderIdList">
    <skipped/>
  </testcase>
  <testcase time="0.001" classname="com.lodogame.game.dao.impl.mysql.UserPkInfoDaoMysqlImplTest" name="springTestContextBeforeTestClass">
    <skipped/>
    <system-out>2015-05-15 10:11:21,638 DEBUG [org.springframework.test.context.support.DirtiesContextTestExecutionListener] - After test method: context [[TestContext@44d88759 testClass = UserPayRewardDaoCacheImplTest, locations = array&lt;String&gt;[&apos;classpath:applicationContext-test.xml&apos;], testInstance = com.lodogame.game.dao.impl.cache.UserPayRewardDaoCacheImplTest@5a4bccdd, testMethod = getReceivedOrderIdList@UserPayRewardDaoCacheImplTest, testException = [null]]], class dirties context [false], class mode [null], method dirties context [false].
2015-05-15 10:11:21,639 DEBUG [org.springframework.test.context.support.DirtiesContextTestExecutionListener] - After test class: context [[TestContext@44d88759 testClass = UserPayRewardDaoCacheImplTest, locations = array&lt;String&gt;[&apos;classpath:applicationContext-test.xml&apos;], testInstance = [null], testMethod = [null], testException = [null]]], dirtiesContext [false].
</system-out>
  </testcase>
  <testcase time="0.001" classname="com.lodogame.game.dao.impl.mysql.UserPkInfoDaoMysqlImplTest" name="springTestContextPrepareTestInstance">
    <skipped/>
  </testcase>
  <testcase time="0.001" classname="com.lodogame.game.dao.impl.mysql.UserPkInfoDaoMysqlImplTest" name="springTestContextBeforeTestMethod">
    <skipped/>
  </testcase>
  <testcase time="0" classname="com.lodogame.game.dao.impl.mysql.UserPkInfoDaoMysqlImplTest" name="add">
    <skipped/>
  </testcase>
  <testcase time="0.001" classname="com.lodogame.game.dao.impl.mysql.UserPkInfoDaoMysqlImplTest" name="springTestContextBeforeTestMethod">
    <skipped/>
    <system-out>2015-05-15 10:11:21,640 DEBUG [org.springframework.test.context.support.DirtiesContextTestExecutionListener] - After test method: context [[TestContext@2ddf0c3 testClass = UserPkInfoDaoMysqlImplTest, locations = array&lt;String&gt;[&apos;classpath:applicationContext-test.xml&apos;], testInstance = com.lodogame.game.dao.impl.mysql.UserPkInfoDaoMysqlImplTest@5f664de3, testMethod = add@UserPkInfoDaoMysqlImplTest, testException = [null]]], class dirties context [false], class mode [null], method dirties context [false].
</system-out>
  </testcase>
  <testcase time="0" classname="com.lodogame.game.dao.impl.mysql.UserPkInfoDaoMysqlImplTest" name="backUserPkInfo">
    <skipped/>
  </testcase>
  <testcase time="0.001" classname="com.lodogame.game.dao.impl.mysql.UserPkInfoDaoMysqlImplTest" name="springTestContextBeforeTestMethod">
    <skipped/>
    <system-out>2015-05-15 10:11:21,641 DEBUG [org.springframework.test.context.support.DirtiesContextTestExecutionListener] - After test method: context [[TestContext@2ddf0c3 testClass = UserPkInfoDaoMysqlImplTest, locations = array&lt;String&gt;[&apos;classpath:applicationContext-test.xml&apos;], testInstance = com.lodogame.game.dao.impl.mysql.UserPkInfoDaoMysqlImplTest@5f664de3, testMethod = backUserPkInfo@UserPkInfoDaoMysqlImplTest, testException = [null]]], class dirties context [false], class mode [null], method dirties context [false].
</system-out>
  </testcase>
  <testcase time="0" classname="com.lodogame.game.dao.impl.mysql.UserPkInfoDaoMysqlImplTest" name="getByRank">
    <skipped/>
  </testcase>
  <testcase time="0.002" classname="com.lodogame.dao.impl.mysql.UserSceneDaoMysqlImplTest" name="springTestContextBeforeTestClass">
    <skipped/>
    <system-out>2015-05-15 10:11:21,642 DEBUG [org.springframework.test.context.support.DirtiesContextTestExecutionListener] - After test method: context [[TestContext@2ddf0c3 testClass = UserPkInfoDaoMysqlImplTest, locations = array&lt;String&gt;[&apos;classpath:applicationContext-test.xml&apos;], testInstance = com.lodogame.game.dao.impl.mysql.UserPkInfoDaoMysqlImplTest@5f664de3, testMethod = getByRank@UserPkInfoDaoMysqlImplTest, testException = [null]]], class dirties context [false], class mode [null], method dirties context [false].
2015-05-15 10:11:21,652 DEBUG [org.springframework.test.context.support.DirtiesContextTestExecutionListener] - After test class: context [[TestContext@2ddf0c3 testClass = UserPkInfoDaoMysqlImplTest, locations = array&lt;String&gt;[&apos;classpath:applicationContext-test.xml&apos;], testInstance = [null], testMethod = [null], testException = [null]]], dirtiesContext [false].
</system-out>
  </testcase>
  <testcase time="0.002" classname="com.lodogame.dao.impl.mysql.UserSceneDaoMysqlImplTest" name="springTestContextPrepareTestInstance">
    <skipped/>
  </testcase>
  <testcase time="0.002" classname="com.lodogame.dao.impl.mysql.UserSceneDaoMysqlImplTest" name="springTestContextBeforeTestMethod">
    <skipped/>
  </testcase>
  <testcase time="0" classname="com.lodogame.dao.impl.mysql.UserSceneDaoMysqlImplTest" name="testGetUserSceneList">
    <skipped/>
  </testcase>
  <testcase time="0" classname="com.lodogame.game.dao.impl.mysql.UserToolDaoMysqlImplTest" name="reduceUserTool"/>
</testsuite>