<?xml version="1.0" encoding="UTF-8"?>
<!-- Generated by org.testng.reporters.JUnitXMLReporter -->
<testsuite hostname="cheng" name="Command line test" tests="41" failures="0" timestamp="15 May 2015 02:11:21 GMT" time="3.087" errors="0">
  <testcase name="@BeforeClass springTestContextPrepareTestInstance" time="0.0" classname="com.lodogame.game.dao.impl.redis.CommandDaoRedisImplTest">
    <failure type="java.lang.IllegalStateException" message="Failed to load ApplicationContext">
      <![CDATA[java.lang.IllegalStateException: Failed to load ApplicationContext
	at org.springframework.test.context.TestContext.getApplicationContext(TestContext.java:308)
	at org.springframework.test.context.support.DependencyInjectionTestExecutionListener.injectDependencies(DependencyInjectionTestExecutionListener.java:109)
	at org.springframework.test.context.support.DependencyInjectionTestExecutionListener.prepareTestInstance(DependencyInjectionTestExecutionListener.java:75)
	at org.springframework.test.context.TestContextManager.prepareTestInstance(TestContextManager.java:333)
	at org.springframework.test.context.testng.AbstractTestNGSpringContextTests.springTestContextPrepareTestInstance(AbstractTestNGSpringContextTests.java:133)
	at org.apache.maven.surefire.testng.TestNGExecutor.run(TestNGExecutor.java:77)
	at org.apache.maven.surefire.testng.TestNGDirectoryTestSuite.executeMulti(TestNGDirectoryTestSuite.java:159)
	at org.apache.maven.surefire.testng.TestNGDirectoryTestSuite.execute(TestNGDirectoryTestSuite.java:99)
	at org.apache.maven.surefire.testng.TestNGProvider.invoke(TestNGProvider.java:106)
	at org.apache.maven.surefire.util.ReflectionUtils.invokeMethodWithArray(ReflectionUtils.java:189)
	at org.apache.maven.surefire.booter.ProviderFactory$ProviderProxy.invoke(ProviderFactory.java:165)
	at org.apache.maven.surefire.booter.ProviderFactory.invokeProvider(ProviderFactory.java:85)
	at org.apache.maven.surefire.booter.ForkedBooter.runSuitesInProcess(ForkedBooter.java:115)
	at org.apache.maven.surefire.booter.ForkedBooter.main(ForkedBooter.java:75)
Caused by: org.springframework.beans.factory.BeanCreationException: Error creating bean with name 'userDao' defined in class path resource [applicationContext-dao.xml]: Cannot resolve reference to bean 'userDaoMysqlImpl' while setting bean property 'userDaoMysqlImpl'; nested exception is org.springframework.beans.factory.BeanCreationException: Error creating bean with name 'userDaoMysqlImpl': Injection of autowired dependencies failed; nested exception is org.springframework.beans.factory.BeanCreationException: Could not autowire field: private com.lodogame.common.jdbc.Jdbc com.lodogame.game.dao.impl.mysql.UserDaoMysqlImpl.jdbc; nested exception is org.springframework.beans.factory.CannotLoadBeanClassException: Cannot find class [com.lodogame.game.dao.impl.mysql.SystemEquipDaoMysqlImpl] for bean with name 'systemEquipDaoMysqlImpl' defined in class path resource [applicationContext-mysql.xml]; nested exception is java.lang.ClassNotFoundException: com.lodogame.game.dao.impl.mysql.SystemEquipDaoMysqlImpl
	at org.springframework.beans.factory.support.BeanDefinitionValueResolver.resolveReference(BeanDefinitionValueResolver.java:328)
	at org.springframework.beans.factory.support.BeanDefinitionValueResolver.resolveValueIfNecessary(BeanDefinitionValueResolver.java:106)
	at org.springframework.beans.factory.support.AbstractAutowireCapableBeanFactory.applyPropertyValues(AbstractAutowireCapableBeanFactory.java:1327)
	at org.springframework.beans.factory.support.AbstractAutowireCapableBeanFactory.populateBean(AbstractAutowireCapableBeanFactory.java:1085)
	at org.springframework.beans.factory.support.AbstractAutowireCapableBeanFactory.doCreateBean(AbstractAutowireCapableBeanFactory.java:516)
	at org.springframework.beans.factory.support.AbstractAutowireCapableBeanFactory.createBean(AbstractAutowireCapableBeanFactory.java:455)
	at org.springframework.beans.factory.support.AbstractBeanFactory$1.getObject(AbstractBeanFactory.java:293)
	at org.springframework.beans.factory.support.DefaultSingletonBeanRegistry.getSingleton(DefaultSingletonBeanRegistry.java:222)
	at org.springframework.beans.factory.support.AbstractBeanFactory.doGetBean(AbstractBeanFactory.java:290)
	at org.springframework.beans.factory.support.AbstractBeanFactory.getBean(AbstractBeanFactory.java:192)
	at org.springframework.beans.factory.support.DefaultListableBeanFactory.preInstantiateSingletons(DefaultListableBeanFactory.java:585)
	at org.springframework.context.support.AbstractApplicationContext.finishBeanFactoryInitialization(AbstractApplicationContext.java:895)
	at org.springframework.context.support.AbstractApplicationContext.refresh(AbstractApplicationContext.java:425)
	at org.springframework.test.context.support.AbstractGenericContextLoader.loadContext(AbstractGenericContextLoader.java:84)
	at org.springframework.test.context.support.AbstractGenericContextLoader.loadContext(AbstractGenericContextLoader.java:1)
	at org.springframework.test.context.TestContext.loadApplicationContext(TestContext.java:280)
	at org.springframework.test.context.TestContext.getApplicationContext(TestContext.java:304)
	... 38 more
Caused by: org.springframework.beans.factory.BeanCreationException: Error creating bean with name 'userDaoMysqlImpl': Injection of autowired dependencies failed; nested exception is org.springframework.beans.factory.BeanCreationException: Could not autowire field: private com.lodogame.common.jdbc.Jdbc com.lodogame.game.dao.impl.mysql.UserDaoMysqlImpl.jdbc; nested exception is org.springframework.beans.factory.CannotLoadBeanClassException: Cannot find class [com.lodogame.game.dao.impl.mysql.SystemEquipDaoMysqlImpl] for bean with name 'systemEquipDaoMysqlImpl' defined in class path resource [applicationContext-mysql.xml]; nested exception is java.lang.ClassNotFoundException: com.lodogame.game.dao.impl.mysql.SystemEquipDaoMysqlImpl
	at org.springframework.beans.factory.annotation.AutowiredAnnotationBeanPostProcessor.postProcessPropertyValues(AutowiredAnnotationBeanPostProcessor.java:287)
	at org.springframework.beans.factory.support.AbstractAutowireCapableBeanFactory.populateBean(AbstractAutowireCapableBeanFactory.java:1073)
	at org.springframework.beans.factory.support.AbstractAutowireCapableBeanFactory.doCreateBean(AbstractAutowireCapableBeanFactory.java:516)
	at org.springframework.beans.factory.support.AbstractAutowireCapableBeanFactory.createBean(AbstractAutowireCapableBeanFactory.java:455)
	at org.springframework.beans.factory.support.AbstractBeanFactory$1.getObject(AbstractBeanFactory.java:293)
	at org.springframework.beans.factory.support.DefaultSingletonBeanRegistry.getSingleton(DefaultSingletonBeanRegistry.java:222)
	at org.springframework.beans.factory.support.AbstractBeanFactory.doGetBean(AbstractBeanFactory.java:290)
	at org.springframework.beans.factory.support.AbstractBeanFactory.getBean(AbstractBeanFactory.java:192)
	at org.springframework.beans.factory.support.BeanDefinitionValueResolver.resolveReference(BeanDefinitionValueResolver.java:322)
	... 54 more
Caused by: org.springframework.beans.factory.BeanCreationException: Could not autowire field: private com.lodogame.common.jdbc.Jdbc com.lodogame.game.dao.impl.mysql.UserDaoMysqlImpl.jdbc; nested exception is org.springframework.beans.factory.CannotLoadBeanClassException: Cannot find class [com.lodogame.game.dao.impl.mysql.SystemEquipDaoMysqlImpl] for bean with name 'systemEquipDaoMysqlImpl' defined in class path resource [applicationContext-mysql.xml]; nested exception is java.lang.ClassNotFoundException: com.lodogame.game.dao.impl.mysql.SystemEquipDaoMysqlImpl
	at org.springframework.beans.factory.annotation.AutowiredAnnotationBeanPostProcessor$AutowiredFieldElement.inject(AutowiredAnnotationBeanPostProcessor.java:506)
	at org.springframework.beans.factory.annotation.InjectionMetadata.inject(InjectionMetadata.java:84)
	at org.springframework.beans.factory.annotation.AutowiredAnnotationBeanPostProcessor.postProcessPropertyValues(AutowiredAnnotationBeanPostProcessor.java:284)
	... 62 more
Caused by: org.springframework.beans.factory.CannotLoadBeanClassException: Cannot find class [com.lodogame.game.dao.impl.mysql.SystemEquipDaoMysqlImpl] for bean with name 'systemEquipDaoMysqlImpl' defined in class path resource [applicationContext-mysql.xml]; nested exception is java.lang.ClassNotFoundException: com.lodogame.game.dao.impl.mysql.SystemEquipDaoMysqlImpl
	at org.springframework.beans.factory.support.AbstractBeanFactory.resolveBeanClass(AbstractBeanFactory.java:1261)
	at org.springframework.beans.factory.support.AbstractAutowireCapableBeanFactory.predictBeanType(AbstractAutowireCapableBeanFactory.java:575)
	at org.springframework.beans.factory.support.AbstractBeanFactory.isFactoryBean(AbstractBeanFactory.java:1330)
	at org.springframework.beans.factory.support.DefaultListableBeanFactory.getBeanNamesForType(DefaultListableBeanFactory.java:317)
	at org.springframework.beans.factory.BeanFactoryUtils.beanNamesForTypeIncludingAncestors(BeanFactoryUtils.java:185)
	at org.springframework.beans.factory.support.DefaultListableBeanFactory.findAutowireCandidates(DefaultListableBeanFactory.java:833)
	at org.springframework.beans.factory.support.DefaultListableBeanFactory.doResolveDependency(DefaultListableBeanFactory.java:790)
	at org.springframework.beans.factory.support.DefaultListableBeanFactory.resolveDependency(DefaultListableBeanFactory.java:707)
	at org.springframework.beans.factory.annotation.AutowiredAnnotationBeanPostProcessor$AutowiredFieldElement.inject(AutowiredAnnotationBeanPostProcessor.java:478)
	... 64 more
Caused by: java.lang.ClassNotFoundException: com.lodogame.game.dao.impl.mysql.SystemEquipDaoMysqlImpl
	at java.net.URLClassLoader$1.run(URLClassLoader.java:366)
	at java.net.URLClassLoader$1.run(URLClassLoader.java:355)
	at java.security.AccessController.doPrivileged(Native Method)
	at java.net.URLClassLoader.findClass(URLClassLoader.java:354)
	at java.lang.ClassLoader.loadClass(ClassLoader.java:425)
	at sun.misc.Launcher$AppClassLoader.loadClass(Launcher.java:308)
	at java.lang.ClassLoader.loadClass(ClassLoader.java:358)
	at org.springframework.util.ClassUtils.forName(ClassUtils.java:257)
	at org.springframework.beans.factory.support.AbstractBeanDefinition.resolveBeanClass(AbstractBeanDefinition.java:408)
	at org.springframework.beans.factory.support.AbstractBeanFactory.doResolveBeanClass(AbstractBeanFactory.java:1282)
	at org.springframework.beans.factory.support.AbstractBeanFactory.resolveBeanClass(AbstractBeanFactory.java:1253)
	... 72 more
... Removed 25 stack frames]]>
    </failure>
  </testcase> <!-- @BeforeClass springTestContextPrepareTestInstance -->
  <testcase name="@BeforeMethod springTestContextBeforeTestMethod" time="0.0" classname="com.lodogame.game.dao.impl.redis.CommandDaoRedisImplTest">
    <skipped/>
  </testcase> <!-- @BeforeMethod springTestContextBeforeTestMethod -->
  <testcase name="@BeforeClass springTestContextBeforeTestClass" time="0.0" classname="com.lodogame.game.dao.impl.mysql.PackageInfoDaoMysqlImplTest">
    <skipped/>
  </testcase> <!-- @BeforeClass springTestContextBeforeTestClass -->
  <testcase name="@BeforeClass springTestContextPrepareTestInstance" time="0.0" classname="com.lodogame.game.dao.impl.mysql.PackageInfoDaoMysqlImplTest">
    <skipped/>
  </testcase> <!-- @BeforeClass springTestContextPrepareTestInstance -->
  <testcase name="@BeforeClass springTestContextBeforeTestClass" time="0.0" classname="com.lodogame.game.dao.impl.cache.SystemDailyTaskDaoCacheImplTest">
    <skipped/>
  </testcase> <!-- @BeforeClass springTestContextBeforeTestClass -->
  <testcase name="@BeforeClass springTestContextPrepareTestInstance" time="0.0" classname="com.lodogame.game.dao.impl.cache.SystemDailyTaskDaoCacheImplTest">
    <skipped/>
  </testcase> <!-- @BeforeClass springTestContextPrepareTestInstance -->
  <testcase name="@BeforeMethod springTestContextBeforeTestMethod" time="0.0" classname="com.lodogame.game.dao.impl.cache.SystemDailyTaskDaoCacheImplTest">
    <skipped/>
  </testcase> <!-- @BeforeMethod springTestContextBeforeTestMethod -->
  <testcase name="@BeforeClass springTestContextBeforeTestClass" time="0.0" classname="com.lodogame.game.dao.impl.mysql.SystemForcesDaoMysqlImplTest">
    <skipped/>
  </testcase> <!-- @BeforeClass springTestContextBeforeTestClass -->
  <testcase name="@BeforeClass springTestContextPrepareTestInstance" time="0.0" classname="com.lodogame.game.dao.impl.mysql.SystemForcesDaoMysqlImplTest">
    <skipped/>
  </testcase> <!-- @BeforeClass springTestContextPrepareTestInstance -->
  <testcase name="@BeforeMethod springTestContextBeforeTestMethod" time="0.0" classname="com.lodogame.game.dao.impl.mysql.SystemForcesDaoMysqlImplTest">
    <skipped/>
  </testcase> <!-- @BeforeMethod springTestContextBeforeTestMethod -->
  <testcase name="@BeforeClass springTestContextBeforeTestClass" time="0.0" classname="com.lodogame.game.dao.impl.cache.SystemForcesMonsterDaoCacheImplTest">
    <skipped/>
  </testcase> <!-- @BeforeClass springTestContextBeforeTestClass -->
  <testcase name="@BeforeClass springTestContextPrepareTestInstance" time="0.0" classname="com.lodogame.game.dao.impl.cache.SystemForcesMonsterDaoCacheImplTest">
    <skipped/>
  </testcase> <!-- @BeforeClass springTestContextPrepareTestInstance -->
  <testcase name="@BeforeMethod springTestContextBeforeTestMethod" time="0.0" classname="com.lodogame.game.dao.impl.cache.SystemForcesMonsterDaoCacheImplTest">
    <skipped/>
  </testcase> <!-- @BeforeMethod springTestContextBeforeTestMethod -->
  <testcase name="@BeforeClass springTestContextBeforeTestClass" time="0.0" classname="com.lodogame.game.dao.impl.cache.SystemTaskDaoCacheImplTest">
    <skipped/>
  </testcase> <!-- @BeforeClass springTestContextBeforeTestClass -->
  <testcase name="@BeforeClass springTestContextPrepareTestInstance" time="0.0" classname="com.lodogame.game.dao.impl.cache.SystemTaskDaoCacheImplTest">
    <skipped/>
  </testcase> <!-- @BeforeClass springTestContextPrepareTestInstance -->
  <testcase name="@BeforeMethod springTestContextBeforeTestMethod" time="0.0" classname="com.lodogame.game.dao.impl.cache.SystemTaskDaoCacheImplTest">
    <skipped/>
  </testcase> <!-- @BeforeMethod springTestContextBeforeTestMethod -->
  <testcase name="@BeforeClass springTestContextBeforeTestClass" time="0.0" classname="com.lodogame.game.dao.impl.mysql.SystemVipLevelDaoMysqlImplTest">
    <skipped/>
  </testcase> <!-- @BeforeClass springTestContextBeforeTestClass -->
  <testcase name="@BeforeClass springTestContextPrepareTestInstance" time="0.0" classname="com.lodogame.game.dao.impl.mysql.SystemVipLevelDaoMysqlImplTest">
    <skipped/>
  </testcase> <!-- @BeforeClass springTestContextPrepareTestInstance -->
  <testcase name="@BeforeClass setUpBeforeClass" time="0.0" classname="com.lodogame.game.dao.impl.mysql.SystemVipLevelDaoMysqlImplTest">
    <skipped/>
  </testcase> <!-- @BeforeClass setUpBeforeClass -->
  <testcase name="@BeforeMethod springTestContextBeforeTestMethod" time="0.0" classname="com.lodogame.game.dao.impl.mysql.SystemVipLevelDaoMysqlImplTest">
    <skipped/>
  </testcase> <!-- @BeforeMethod springTestContextBeforeTestMethod -->
  <testcase name="@BeforeClass springTestContextBeforeTestClass" time="0.0" classname="com.lodogame.game.dao.impl.mysql.UserDailyGainLogDaoMysqlImplTest">
    <skipped/>
  </testcase> <!-- @BeforeClass springTestContextBeforeTestClass -->
  <testcase name="@BeforeClass springTestContextPrepareTestInstance" time="0.0" classname="com.lodogame.game.dao.impl.mysql.UserDailyGainLogDaoMysqlImplTest">
    <skipped/>
  </testcase> <!-- @BeforeClass springTestContextPrepareTestInstance -->
  <testcase name="@BeforeClass setUpBeforeClass" time="0.0" classname="com.lodogame.game.dao.impl.mysql.UserDailyGainLogDaoMysqlImplTest">
    <skipped/>
  </testcase> <!-- @BeforeClass setUpBeforeClass -->
  <testcase name="@BeforeMethod springTestContextBeforeTestMethod" time="0.0" classname="com.lodogame.game.dao.impl.mysql.UserDailyGainLogDaoMysqlImplTest">
    <skipped/>
  </testcase> <!-- @BeforeMethod springTestContextBeforeTestMethod -->
  <testcase name="@BeforeMethod springTestContextBeforeTestMethod" time="0.0" classname="com.lodogame.game.dao.impl.mysql.UserDailyGainLogDaoMysqlImplTest">
    <skipped/>
  </testcase> <!-- @BeforeMethod springTestContextBeforeTestMethod -->
  <testcase name="@BeforeClass springTestContextBeforeTestClass" time="0.0" classname="com.lodogame.dao.impl.mysql.UserDaoMysqlImplTest">
    <skipped/>
  </testcase> <!-- @BeforeClass springTestContextBeforeTestClass -->
  <testcase name="@BeforeClass springTestContextPrepareTestInstance" time="0.0" classname="com.lodogame.dao.impl.mysql.UserDaoMysqlImplTest">
    <skipped/>
  </testcase> <!-- @BeforeClass springTestContextPrepareTestInstance -->
  <testcase name="@BeforeMethod springTestContextBeforeTestMethod" time="0.0" classname="com.lodogame.dao.impl.mysql.UserDaoMysqlImplTest">
    <skipped/>
  </testcase> <!-- @BeforeMethod springTestContextBeforeTestMethod -->
  <testcase name="@BeforeMethod springTestContextBeforeTestMethod" time="0.0" classname="com.lodogame.dao.impl.mysql.UserDaoMysqlImplTest">
    <skipped/>
  </testcase> <!-- @BeforeMethod springTestContextBeforeTestMethod -->
  <testcase name="@BeforeMethod springTestContextBeforeTestMethod" time="0.0" classname="com.lodogame.dao.impl.mysql.UserDaoMysqlImplTest">
    <skipped/>
  </testcase> <!-- @BeforeMethod springTestContextBeforeTestMethod -->
  <testcase name="@BeforeClass springTestContextBeforeTestClass" time="0.0" classname="com.lodogame.dao.impl.mysql.UserEquipDaoMysqlImplTest">
    <skipped/>
  </testcase> <!-- @BeforeClass springTestContextBeforeTestClass -->
  <testcase name="@BeforeClass springTestContextPrepareTestInstance" time="0.0" classname="com.lodogame.dao.impl.mysql.UserEquipDaoMysqlImplTest">
    <skipped/>
  </testcase> <!-- @BeforeClass springTestContextPrepareTestInstance -->
  <testcase name="@BeforeMethod springTestContextBeforeTestMethod" time="0.0" classname="com.lodogame.dao.impl.mysql.UserEquipDaoMysqlImplTest">
    <skipped/>
  </testcase> <!-- @BeforeMethod springTestContextBeforeTestMethod -->
  <testcase name="@BeforeMethod springTestContextBeforeTestMethod" time="0.0" classname="com.lodogame.dao.impl.mysql.UserEquipDaoMysqlImplTest">
    <skipped/>
  </testcase> <!-- @BeforeMethod springTestContextBeforeTestMethod -->
  <testcase name="@BeforeMethod springTestContextBeforeTestMethod" time="0.0" classname="com.lodogame.dao.impl.mysql.UserEquipDaoMysqlImplTest">
    <skipped/>
  </testcase> <!-- @BeforeMethod springTestContextBeforeTestMethod -->
  <testcase name="@BeforeClass springTestContextBeforeTestClass" time="0.0" classname="com.lodogame.game.dao.impl.mysql.UserExtinfoDaoMysqlImplTest">
    <skipped/>
  </testcase> <!-- @BeforeClass springTestContextBeforeTestClass -->
  <testcase name="@BeforeClass springTestContextPrepareTestInstance" time="0.0" classname="com.lodogame.game.dao.impl.mysql.UserExtinfoDaoMysqlImplTest">
    <skipped/>
  </testcase> <!-- @BeforeClass springTestContextPrepareTestInstance -->
  <testcase name="@BeforeClass setUpBeforeClass" time="0.0" classname="com.lodogame.game.dao.impl.mysql.UserExtinfoDaoMysqlImplTest">
    <skipped/>
  </testcase> <!-- @BeforeClass setUpBeforeClass -->
  <testcase name="@BeforeMethod springTestContextBeforeTestMethod" time="0.0" classname="com.lodogame.game.dao.impl.mysql.UserExtinfoDaoMysqlImplTest">
    <skipped/>
  </testcase> <!-- @BeforeMethod springTestContextBeforeTestMethod -->
  <testcase name="@BeforeClass springTestContextBeforeTestClass" time="0.0" classname="com.lodogame.dao.impl.mysql.UserForcesDaoMysqlImplTest">
    <skipped/>
  </testcase> <!-- @BeforeClass springTestContextBeforeTestClass -->
  <testcase name="@BeforeClass springTestContextPrepareTestInstance" time="0.0" classname="com.lodogame.dao.impl.mysql.UserForcesDaoMysqlImplTest">
    <skipped/>
  </testcase> <!-- @BeforeClass springTestContextPrepareTestInstance -->
  <testcase name="@BeforeMethod springTestContextBeforeTestMethod" time="0.0" classname="com.lodogame.dao.impl.mysql.UserForcesDaoMysqlImplTest">
    <skipped/>
  </testcase> <!-- @BeforeMethod springTestContextBeforeTestMethod -->
  <testcase name="@BeforeMethod springTestContextBeforeTestMethod" time="0.0" classname="com.lodogame.dao.impl.mysql.UserForcesDaoMysqlImplTest">
    <skipped/>
  </testcase> <!-- @BeforeMethod springTestContextBeforeTestMethod -->
  <testcase name="@BeforeClass springTestContextBeforeTestClass" time="0.0" classname="com.lodogame.game.dao.impl.mysql.UserGiftbagDaoMysqlImplTest">
    <skipped/>
  </testcase> <!-- @BeforeClass springTestContextBeforeTestClass -->
  <testcase name="@BeforeClass springTestContextPrepareTestInstance" time="0.0" classname="com.lodogame.game.dao.impl.mysql.UserGiftbagDaoMysqlImplTest">
    <skipped/>
  </testcase> <!-- @BeforeClass springTestContextPrepareTestInstance -->
  <testcase name="@BeforeMethod springTestContextBeforeTestMethod" time="0.0" classname="com.lodogame.game.dao.impl.mysql.UserGiftbagDaoMysqlImplTest">
    <skipped/>
  </testcase> <!-- @BeforeMethod springTestContextBeforeTestMethod -->
  <testcase name="@BeforeClass springTestContextBeforeTestClass" time="0.0" classname="com.lodogame.dao.impl.mysql.UserHeroMysqlImplTest">
    <skipped/>
  </testcase> <!-- @BeforeClass springTestContextBeforeTestClass -->
  <testcase name="@BeforeClass springTestContextPrepareTestInstance" time="0.0" classname="com.lodogame.dao.impl.mysql.UserHeroMysqlImplTest">
    <skipped/>
  </testcase> <!-- @BeforeClass springTestContextPrepareTestInstance -->
  <testcase name="@BeforeMethod springTestContextBeforeTestMethod" time="0.0" classname="com.lodogame.dao.impl.mysql.UserHeroMysqlImplTest">
    <skipped/>
  </testcase> <!-- @BeforeMethod springTestContextBeforeTestMethod -->
  <testcase name="@BeforeMethod springTestContextBeforeTestMethod" time="0.0" classname="com.lodogame.dao.impl.mysql.UserHeroMysqlImplTest">
    <skipped/>
  </testcase> <!-- @BeforeMethod springTestContextBeforeTestMethod -->
  <testcase name="@BeforeMethod springTestContextBeforeTestMethod" time="0.0" classname="com.lodogame.dao.impl.mysql.UserHeroMysqlImplTest">
    <skipped/>
  </testcase> <!-- @BeforeMethod springTestContextBeforeTestMethod -->
  <testcase name="@BeforeMethod springTestContextBeforeTestMethod" time="0.0" classname="com.lodogame.dao.impl.mysql.UserHeroMysqlImplTest">
    <skipped/>
  </testcase> <!-- @BeforeMethod springTestContextBeforeTestMethod -->
  <testcase name="@BeforeMethod springTestContextBeforeTestMethod" time="0.0" classname="com.lodogame.dao.impl.mysql.UserHeroMysqlImplTest">
    <skipped/>
  </testcase> <!-- @BeforeMethod springTestContextBeforeTestMethod -->
  <testcase name="@BeforeClass springTestContextBeforeTestClass" time="0.0" classname="com.lodogame.game.dao.impl.mysql.UserMapperDaoMysqlImplTest">
    <skipped/>
  </testcase> <!-- @BeforeClass springTestContextBeforeTestClass -->
  <testcase name="@BeforeClass springTestContextPrepareTestInstance" time="0.0" classname="com.lodogame.game.dao.impl.mysql.UserMapperDaoMysqlImplTest">
    <skipped/>
  </testcase> <!-- @BeforeClass springTestContextPrepareTestInstance -->
  <testcase name="@BeforeMethod springTestContextBeforeTestMethod" time="0.0" classname="com.lodogame.game.dao.impl.mysql.UserMapperDaoMysqlImplTest">
    <skipped/>
  </testcase> <!-- @BeforeMethod springTestContextBeforeTestMethod -->
  <testcase name="@BeforeClass springTestContextBeforeTestClass" time="0.0" classname="com.lodogame.game.dao.impl.mysql.UserOnlineLogDaoMysqlImplTest">
    <skipped/>
  </testcase> <!-- @BeforeClass springTestContextBeforeTestClass -->
  <testcase name="@BeforeClass springTestContextPrepareTestInstance" time="0.0" classname="com.lodogame.game.dao.impl.mysql.UserOnlineLogDaoMysqlImplTest">
    <skipped/>
  </testcase> <!-- @BeforeClass springTestContextPrepareTestInstance -->
  <testcase name="@BeforeClass setUpBeforeClass" time="0.0" classname="com.lodogame.game.dao.impl.mysql.UserOnlineLogDaoMysqlImplTest">
    <skipped/>
  </testcase> <!-- @BeforeClass setUpBeforeClass -->
  <testcase name="@BeforeMethod springTestContextBeforeTestMethod" time="0.0" classname="com.lodogame.game.dao.impl.mysql.UserOnlineLogDaoMysqlImplTest">
    <skipped/>
  </testcase> <!-- @BeforeMethod springTestContextBeforeTestMethod -->
  <testcase name="@BeforeMethod springTestContextBeforeTestMethod" time="0.0" classname="com.lodogame.game.dao.impl.mysql.UserOnlineLogDaoMysqlImplTest">
    <skipped/>
  </testcase> <!-- @BeforeMethod springTestContextBeforeTestMethod -->
  <testcase name="@BeforeMethod springTestContextBeforeTestMethod" time="0.0" classname="com.lodogame.game.dao.impl.mysql.UserOnlineLogDaoMysqlImplTest">
    <skipped/>
  </testcase> <!-- @BeforeMethod springTestContextBeforeTestMethod -->
  <testcase name="@BeforeMethod springTestContextBeforeTestMethod" time="0.0" classname="com.lodogame.game.dao.impl.mysql.UserOnlineLogDaoMysqlImplTest">
    <skipped/>
  </testcase> <!-- @BeforeMethod springTestContextBeforeTestMethod -->
  <testcase name="@BeforeMethod springTestContextBeforeTestMethod" time="0.0" classname="com.lodogame.game.dao.impl.mysql.UserOnlineLogDaoMysqlImplTest">
    <skipped/>
  </testcase> <!-- @BeforeMethod springTestContextBeforeTestMethod -->
  <testcase name="@BeforeClass springTestContextBeforeTestClass" time="0.0" classname="com.lodogame.game.dao.impl.cache.UserPayRewardDaoCacheImplTest">
    <skipped/>
  </testcase> <!-- @BeforeClass springTestContextBeforeTestClass -->
  <testcase name="@BeforeClass springTestContextPrepareTestInstance" time="0.0" classname="com.lodogame.game.dao.impl.cache.UserPayRewardDaoCacheImplTest">
    <skipped/>
  </testcase> <!-- @BeforeClass springTestContextPrepareTestInstance -->
  <testcase name="@BeforeMethod springTestContextBeforeTestMethod" time="0.0" classname="com.lodogame.game.dao.impl.cache.UserPayRewardDaoCacheImplTest">
    <skipped/>
  </testcase> <!-- @BeforeMethod springTestContextBeforeTestMethod -->
  <testcase name="@BeforeMethod springTestContextBeforeTestMethod" time="0.0" classname="com.lodogame.game.dao.impl.cache.UserPayRewardDaoCacheImplTest">
    <skipped/>
  </testcase> <!-- @BeforeMethod springTestContextBeforeTestMethod -->
  <testcase name="@BeforeMethod springTestContextBeforeTestMethod" time="0.0" classname="com.lodogame.game.dao.impl.cache.UserPayRewardDaoCacheImplTest">
    <skipped/>
  </testcase> <!-- @BeforeMethod springTestContextBeforeTestMethod -->
  <testcase name="@BeforeClass springTestContextBeforeTestClass" time="0.0" classname="com.lodogame.game.dao.impl.mysql.UserPkInfoDaoMysqlImplTest">
    <skipped/>
  </testcase> <!-- @BeforeClass springTestContextBeforeTestClass -->
  <testcase name="@BeforeClass springTestContextPrepareTestInstance" time="0.0" classname="com.lodogame.game.dao.impl.mysql.UserPkInfoDaoMysqlImplTest">
    <skipped/>
  </testcase> <!-- @BeforeClass springTestContextPrepareTestInstance -->
  <testcase name="@BeforeMethod springTestContextBeforeTestMethod" time="0.0" classname="com.lodogame.game.dao.impl.mysql.UserPkInfoDaoMysqlImplTest">
    <skipped/>
  </testcase> <!-- @BeforeMethod springTestContextBeforeTestMethod -->
  <testcase name="@BeforeMethod springTestContextBeforeTestMethod" time="0.0" classname="com.lodogame.game.dao.impl.mysql.UserPkInfoDaoMysqlImplTest">
    <skipped/>
  </testcase> <!-- @BeforeMethod springTestContextBeforeTestMethod -->
  <testcase name="@BeforeMethod springTestContextBeforeTestMethod" time="0.0" classname="com.lodogame.game.dao.impl.mysql.UserPkInfoDaoMysqlImplTest">
    <skipped/>
  </testcase> <!-- @BeforeMethod springTestContextBeforeTestMethod -->
  <testcase name="@BeforeClass springTestContextBeforeTestClass" time="0.0" classname="com.lodogame.dao.impl.mysql.UserSceneDaoMysqlImplTest">
    <skipped/>
  </testcase> <!-- @BeforeClass springTestContextBeforeTestClass -->
  <testcase name="@BeforeClass springTestContextPrepareTestInstance" time="0.0" classname="com.lodogame.dao.impl.mysql.UserSceneDaoMysqlImplTest">
    <skipped/>
  </testcase> <!-- @BeforeClass springTestContextPrepareTestInstance -->
  <testcase name="@BeforeMethod springTestContextBeforeTestMethod" time="0.0" classname="com.lodogame.dao.impl.mysql.UserSceneDaoMysqlImplTest">
    <skipped/>
  </testcase> <!-- @BeforeMethod springTestContextBeforeTestMethod -->
  <testcase name="testAdd" time="0.001" classname="com.lodogame.game.dao.impl.redis.CommandDaoRedisImplTest">
    <skipped/>
  </testcase> <!-- testAdd -->
  <testcase name="getLast" time="0.001" classname="com.lodogame.game.dao.impl.mysql.PackageInfoDaoMysqlImplTest">
    <skipped/>
  </testcase> <!-- getLast -->
  <testcase name="getPaymenList" time="0.0" classname="com.lodogame.game.dao.impl.mysql.PaymentLogDaoMysqlImplTest"/>
  <testcase name="getTaskList" time="0.0" classname="com.lodogame.game.dao.impl.cache.SystemDailyTaskDaoCacheImplTest">
    <skipped/>
  </testcase> <!-- getTaskList -->
  <testcase name="getSceneForcesList" time="0.0" classname="com.lodogame.game.dao.impl.mysql.SystemForcesDaoMysqlImplTest">
    <skipped/>
  </testcase> <!-- getSceneForcesList -->
  <testcase name="getForcesMonsterList" time="0.0" classname="com.lodogame.game.dao.impl.cache.SystemForcesMonsterDaoCacheImplTest">
    <skipped/>
  </testcase> <!-- getForcesMonsterList -->
  <testcase name="getList" time="0.0" classname="com.lodogame.game.dao.impl.mysql.SystemGoldSetDaoMysqlImplTest"/>
  <testcase name="getTaskList" time="0.0" classname="com.lodogame.game.dao.impl.cache.SystemTaskDaoCacheImplTest">
    <skipped/>
  </testcase> <!-- getTaskList -->
  <testcase name="getBuyMoney" time="0.0" classname="com.lodogame.game.dao.impl.mysql.SystemVipLevelDaoMysqlImplTest">
    <skipped/>
  </testcase> <!-- getBuyMoney -->
  <testcase name="getTavernDropToolList" time="0.0" classname="com.lodogame.game.dao.TavernDropToolDaoTest"/>
  <testcase name="addUserDailyGain" time="0.001" classname="com.lodogame.game.dao.impl.mysql.UserDailyGainLogDaoMysqlImplTest">
    <skipped/>
  </testcase> <!-- addUserDailyGain -->
  <testcase name="getUserDailyGain" time="0.001" classname="com.lodogame.game.dao.impl.mysql.UserDailyGainLogDaoMysqlImplTest">
    <skipped/>
  </testcase> <!-- getUserDailyGain -->
  <testcase name="addPower" time="0.0" classname="com.lodogame.dao.impl.mysql.UserDaoMysqlImplTest">
    <skipped/>
  </testcase> <!-- addPower -->
  <testcase name="testAdd" time="0.0" classname="com.lodogame.dao.impl.mysql.UserDaoMysqlImplTest">
    <skipped/>
  </testcase> <!-- testAdd -->
  <testcase name="testGet" time="0.001" classname="com.lodogame.dao.impl.mysql.UserDaoMysqlImplTest">
    <skipped/>
  </testcase> <!-- testGet -->
  <testcase name="testAddUserEquip" time="0.0" classname="com.lodogame.dao.impl.mysql.UserEquipDaoMysqlImplTest">
    <skipped/>
  </testcase> <!-- testAddUserEquip -->
  <testcase name="testGetUserEquip" time="0.0" classname="com.lodogame.dao.impl.mysql.UserEquipDaoMysqlImplTest">
    <skipped/>
  </testcase> <!-- testGetUserEquip -->
  <testcase name="testUpdateEquipLevel" time="0.001" classname="com.lodogame.dao.impl.mysql.UserEquipDaoMysqlImplTest">
    <skipped/>
  </testcase> <!-- testUpdateEquipLevel -->
  <testcase name="get" time="0.0" classname="com.lodogame.game.dao.impl.mysql.UserExtinfoDaoMysqlImplTest">
    <skipped/>
  </testcase> <!-- get -->
  <testcase name="getUserCurrentForces" time="0.0" classname="com.lodogame.dao.impl.mysql.UserForcesDaoMysqlImplTest">
    <skipped/>
  </testcase> <!-- getUserCurrentForces -->
  <testcase name="testGetUserForcesList" time="0.0" classname="com.lodogame.dao.impl.mysql.UserForcesDaoMysqlImplTest">
    <skipped/>
  </testcase> <!-- testGetUserForcesList -->
  <testcase name="addOrUpdateUserGiftbag" time="0.0" classname="com.lodogame.game.dao.impl.mysql.UserGiftbagDaoMysqlImplTest">
    <skipped/>
  </testcase> <!-- addOrUpdateUserGiftbag -->
  <testcase name="testAddUserHero" time="0.0" classname="com.lodogame.dao.impl.mysql.UserHeroMysqlImplTest">
    <skipped/>
  </testcase> <!-- testAddUserHero -->
  <testcase name="testDelete" time="0.0" classname="com.lodogame.dao.impl.mysql.UserHeroMysqlImplTest">
    <skipped/>
  </testcase> <!-- testDelete -->
  <testcase name="testGetCount" time="0.0" classname="com.lodogame.dao.impl.mysql.UserHeroMysqlImplTest">
    <skipped/>
  </testcase> <!-- testGetCount -->
  <testcase name="testGetUseHeroList" time="0.009" classname="com.lodogame.dao.impl.mysql.UserHeroMysqlImplTest">
    <skipped/>
  </testcase> <!-- testGetUseHeroList -->
  <testcase name="testGetUserHeroInfo" time="0.001" classname="com.lodogame.dao.impl.mysql.UserHeroMysqlImplTest">
    <skipped/>
  </testcase> <!-- testGetUserHeroInfo -->
  <testcase name="getByPartnerUserId" time="0.001" classname="com.lodogame.game.dao.impl.mysql.UserMapperDaoMysqlImplTest">
    <skipped/>
  </testcase> <!-- getByPartnerUserId -->
  <testcase name="add" time="0.0" classname="com.lodogame.game.dao.impl.mysql.UserOnlineLogDaoMysqlImplTest">
    <skipped/>
  </testcase> <!-- add -->
  <testcase name="getLastOnlineTest" time="0.0" classname="com.lodogame.game.dao.impl.mysql.UserOnlineLogDaoMysqlImplTest">
    <skipped/>
  </testcase> <!-- getLastOnlineTest -->
  <testcase name="getUserOnline" time="0.001" classname="com.lodogame.game.dao.impl.mysql.UserOnlineLogDaoMysqlImplTest">
    <skipped/>
  </testcase> <!-- getUserOnline -->
  <testcase name="getUserOnlineTest" time="0.001" classname="com.lodogame.game.dao.impl.mysql.UserOnlineLogDaoMysqlImplTest">
    <skipped/>
  </testcase> <!-- getUserOnlineTest -->
  <testcase name="isLogin" time="0.0" classname="com.lodogame.game.dao.impl.mysql.UserOnlineLogDaoMysqlImplTest">
    <skipped/>
  </testcase> <!-- isLogin -->
  <testcase name="add" time="0.0" classname="com.lodogame.game.dao.impl.cache.UserPayRewardDaoCacheImplTest">
    <skipped/>
  </testcase> <!-- add -->
  <testcase name="getList" time="0.001" classname="com.lodogame.game.dao.impl.cache.UserPayRewardDaoCacheImplTest">
    <skipped/>
  </testcase> <!-- getList -->
  <testcase name="getReceivedOrderIdList" time="0.0" classname="com.lodogame.game.dao.impl.cache.UserPayRewardDaoCacheImplTest">
    <skipped/>
  </testcase> <!-- getReceivedOrderIdList -->
  <testcase name="add" time="0.0" classname="com.lodogame.game.dao.impl.mysql.UserPkInfoDaoMysqlImplTest">
    <skipped/>
  </testcase> <!-- add -->
  <testcase name="backUserPkInfo" time="0.0" classname="com.lodogame.game.dao.impl.mysql.UserPkInfoDaoMysqlImplTest">
    <skipped/>
  </testcase> <!-- backUserPkInfo -->
  <testcase name="getByRank" time="0.0" classname="com.lodogame.game.dao.impl.mysql.UserPkInfoDaoMysqlImplTest">
    <skipped/>
  </testcase> <!-- getByRank -->
  <testcase name="testGetUserSceneList" time="0.0" classname="com.lodogame.dao.impl.mysql.UserSceneDaoMysqlImplTest">
    <skipped/>
  </testcase> <!-- testGetUserSceneList -->
  <testcase name="reduceUserTool" time="0.0" classname="com.lodogame.game.dao.impl.mysql.UserToolDaoMysqlImplTest"/>
</testsuite> <!-- Command line test -->
